 
                                                                                                                                                                                                                                                                
 
Variable Importance

                                                                               Ratio of
                     Number of                                               Validation
Variable             Splitting                            Validation        to Training
  Name      Label      Rules           Importance         Importance         Importance

nonstsal                 10                1.0000             1.0000             1.0000
statesal                 17                0.5959             0.6494             1.0897
 
                                                                                                                                                                                                                                                                
 
Tree Leaf Report

Node               Training       Training     Validation     Validation     Training    Validation
 Id     Depth    Observations     Average     Observations      Average      Root ASE     Root ASE

  84      3           252         41779.19         144          42223.22      3254.84      4607.14 
  82      3           205         37205.94          69          37600.88      2928.64      3620.53 
  45      3           163         26586.13          60          26462.65      1123.13      1155.92 
  81      3           158         34749.99          59          34296.76      3228.64      1696.75 
  87      3           156         49519.08          72          49248.17      2909.97      3144.28 
  86      3           125         46831.26          47          47493.32      2105.66      3149.57 
  98      4           122         45077.78          48          45933.79      1319.70      4119.84 
  80      3           119         32646.88          52          32581.33      3894.93      4312.78 
  88      3           103         51346.89          47          51338.87      2739.56      2591.47 
  36      2           101        127176.00          43         128875.07     40083.36     41278.26 
  79      3            94         29660.34          38          29332.82      4234.06      3075.49 
  52      3            87         40950.32          37          40552.11      1570.92      1011.08 
  54      3            86         44047.73          42          44212.83      1569.22      1675.40 
  97      4            85         43731.51          37          44168.43      1519.01      4493.97 
 107      4            85         69505.22          39          69243.00      1770.52       903.76 
  10      1            82        295589.68          33         290507.36     35440.85     26990.90 
  49      3            82         36653.85          29          37409.62      1449.67      2062.01 
  35      2            81        108507.51          35         110875.20     30558.33     29397.85 
  38      2            81        201597.47          37         194628.92     49733.86     54211.51 
  57      3            81         48956.70          34          48801.50      1401.12      1063.77 
 101      4            80         55653.44          29          55692.41       775.63       801.32 
  58      3            79         51208.19          30          50894.73      1443.27      1174.71 
  68      3            79         79944.84          38          79243.18      2066.52      1671.85 
 100      4            79         53967.00          34          53882.18      1177.81       607.71 
 106      4            79         66650.99          22          66545.36      1146.59       775.81 
  20      2            78        143790.69          26         142375.54      9484.72      9129.13 
  24      2            78         82830.29          32          81943.09     11520.59     11562.07 
  25      2            78        125090.74          23         124927.30     13781.98     13490.52 
  28      2            78         80460.77          26          85355.15     11630.45     11066.68 
  29      2            78        126801.81          35         126895.40     19544.83     16476.52 
  47      3            78         30887.55          35          30838.69      1494.78      1507.26 
  53      3            78         42441.38          29          42088.55      1401.60       712.51 
  60      3            78         56976.45          39          56346.64      2264.76      2147.39 
  63      3            78         64567.78          47          64690.74      1686.37      1766.64 
  64      3            78         68910.87          28          69456.36      1821.06      2579.51 
  71      3            78         93173.04          32          93346.91      2133.96      2317.07 
  83      3            78         39013.63          44          38824.77       591.14       439.07 
  94      3            78        138160.10          32         137587.19      6119.04      5868.05 
  95      3            78        158757.91          27         157981.19      6508.60      8254.40 
 102      4            78         57490.96          37          57694.68       723.82      1829.62 
 103      4            78         59667.40          34          59686.65       581.44       540.92 
 105      4            78         64527.94          32          64930.94       728.09      1363.61 
 109      4            78         74443.37          30          74648.07      1853.01      1151.89 
 110      4            78         77606.13          32          77376.56      1538.63       971.22 
 112      4            78         82305.50          21          82647.33      1725.33      1502.74 
 113      4            78         86396.24          34          86042.15      1970.42      1338.26 
 114      4            78         90686.96          25          90521.12      1429.80      1107.09 
  77      3            75         44565.91          34          43145.85      6426.46      6955.41 
  55      3            74         45200.54          25          45332.76      1260.19      1431.08 
  73      3            74        111279.36          34         110914.06      3519.36      3628.76 
  99      4            74         52729.89          32          52482.75      1388.45       366.90 
 117      5            72         62624.69          40          62469.10      1133.56       541.02 
  48      3            70         34575.26          29          34988.00      1659.33      1836.89 
  72      3            68        101598.91          42         100679.24      3089.41      3168.78 
  42      2            66        248026.80          24         249788.63     22719.04     27984.13 
  62      3            64         60716.95          23          60668.39      1592.87      1029.06 
  69      3            61         84299.54          29          84580.28      2177.82      2275.50 
  67      3            55         75918.07          16          76147.75      1214.77      1536.14 
  93      3            53        122518.04          21         122570.43      5749.34      4077.95 
 108      4            53         72030.08          23          71317.35      1834.48       914.12 
 115      4            52         94544.38          28          95027.21      1523.41      1709.86 
  21      2            51        201690.16          20         215049.00     50772.85     50226.02 
  11      1            50        430459.40          19         417005.79    113351.46     92256.77 
  44      3            49         18778.41          30          18900.37      3050.57      3193.71 
  39      2            47        201038.38          25         199390.00     24717.26     37072.67 
  56      3            47         46716.91          33          46991.30      1207.12      1046.44 
  30      2            46        199768.00          19         223880.21     51771.04     58500.30 
  34      2            46        183768.17          12         198501.17     61265.94     91144.45 
 116      5            45         61170.11          15          61061.53      1217.89       308.37 
  61      3            44         59281.11          22          58615.73      2198.49      1264.98 
  32      2            43        153876.07          26         170139.58     38384.86     51169.82 
  46      3            43         28793.09          10          28399.70      1586.19       938.46 
  74      3            43        123124.84          22         122048.00      3715.59      4372.13 
  76      3            43         27334.53          14          26263.36      3201.66      1094.38 
  41      2            42        233720.76          20         240252.65     41027.25     33535.48 
  78      3            42         58524.29          14          60014.29      6949.16      6343.79 
  26      2            41        200156.39          20         200526.90     46317.57     55825.45 
  75      3            41         23068.41          17          22662.00      5625.32      4233.71 
  90      3            41         89068.20          16          86172.88     10846.95     11913.35 
  96      3            41        175840.44          17         175610.82      4340.99      4324.69 
  40      2            40        209783.20          18         209436.28     18884.48     29803.26 
  43      3            40          9340.70          25           9291.48      3181.53      2935.62 
  50      3            40         37993.75          22          38384.23      1157.96      2187.91 
  51      3            40         39163.85          22          39154.41      1254.71      1115.09 
  59      3            40         53774.33          19          53131.47      1624.65      1113.95 
  65      3            40         71726.20          20          71677.00      1325.83      1264.49 
  66      3            40         73999.83          21          73990.71      1288.32      1648.33 
  70      3            40         88603.75          26          88720.38      1876.47      2647.88 
  92      3            40        110741.70          20         110485.15     13868.85     13114.34 
 111      4            40         80025.83          16          79747.88      1652.59       413.04 
 
                                                                                                                                                                                                                                                                
 
 
Fit Statistics

Target=totalsal Target Label=' '

   Fit
Statistics    Statistics Label                     Train         Validation            Test

  _NOBS_      Sum of Frequencies                 6616.00            2835.00         2836.00
  _MAX_       Maximum Absolute Error           388609.60          224843.61       318309.84
  _SSE_       Sum of Squared Errors         2.0337541E12    883507594450.19    1.1655172E12
  _ASE_       Average Squared Error         307399349.05       311642890.46    410972198.82
  _RASE_      Root Average Squared Error        17532.81           17653.41        20272.45
  _DIV_       Divisor for ASE                    6616.00            2835.00         2836.00
  _DFT_       Total Degrees of Freedom           6616.00                .               .  
 
                                                                                                                                                                                                                                                                
 
 
Assessment Score Rankings

Data Role=TRAIN Target Variable=totalsal Target Label=' '

           Number of        Mean         Mean
Depth    Observations      Target     Predicted

   5          331        273791.21    273791.21
  10          380        187420.66    187420.66
  15          300        138178.70    138178.70
  20          326        121687.47    121687.47
  25          319        101289.36    101289.36
  30          376         86732.64     86732.64
  35          353         80072.87     80072.87
  40          266         73792.15     73792.15
  45          398         66879.11     66879.11
  50          259         61009.94     61009.94
  55          401         56634.70     56634.70
  60          296         51983.66     51983.66
  65          362         48465.13     48465.13
  70          318         45227.88     45227.88
  75          501         42602.93     42602.93
  80          127         40387.65     40387.65
  85          323         37740.03     37740.03
  90          429         34502.01     34502.01
  95          258         29499.18     29499.18
 100          293         22433.84     22433.84


Data Role=VALIDATE Target Variable=totalsal Target Label=' '

           Number of        Mean         Mean
Depth    Observations      Target     Predicted

   5          171        254865.12    256311.43
  10          120        190682.52    185880.40
  15          162        138957.72    136216.61
  20          120        117609.53    117975.37
  25          137        100416.23     99953.99
  30          162         86104.72     86596.86
  35          133         80587.11     79865.48
  40          149         72388.77     72509.44
  45          129         66101.02     65855.86
  50          148         60602.38     60616.52
  55          139         55966.16     56101.26
  60          200         50872.92     51119.96
  65           81         48042.43     47723.42
  70          140         45398.66     45361.76
  75          252         42824.93     42520.14
  80           37         40552.11     40950.32
  85          157         38271.34     38097.30
  90          117         35239.66     35178.58
  95          149         30469.22     30714.16
 100          132         21002.36     21092.43
 
                                                                                                                                                                                                                                                                
 
 
Assessment Score Distribution

Data Role=TRAIN Target Variable=totalsal Target Label=' '

                               Mean         Mean        Number of       Model
  Range for Predicted         Target     Predicted    Observations      Score

409403.465 -  430459.400    430459.40    430459.40          50        419931.43
283067.855 -  304123.790    295589.68    295589.68          82        293595.82
240955.985 -  262011.920    248026.80    248026.80          66        251483.95
219900.050 -  240955.985    233720.76    233720.76          42        230428.02
198844.115 -  219900.050    202128.97    202128.97         306        209372.08
177788.180 -  198844.115    183768.17    183768.17          46        188316.15
156732.245 -  177788.180    164643.49    164643.49         119        167260.21
135676.310 -  156732.245    143762.98    143762.98         199        146204.28
114620.375 -  135676.310    125439.71    125439.71         353        125148.34
93564.440 -  114620.375     105645.98    105645.98         315        104092.41
72508.505 -  93564.440       82741.59     82741.59         980         83036.47
51452.570 -  72508.505       61557.00     61557.00        1265         61980.54
30396.635 -  51452.570       41868.51     41868.51        2320         40924.60
9340.700 -  30396.635        24893.60     24893.60         473         19868.67


Data Role=VALIDATE Target Variable=totalsal Target Label=' '

                               Mean         Mean        Number of       Model
  Range for Predicted         Target     Predicted    Observations      Score

409403.465 -  430459.400    417005.79    430459.40          19        419931.43
283067.855 -  304123.790    290507.36    295589.68          33        293595.82
240955.985 -  262011.920    249788.63    248026.80          24        251483.95
219900.050 -  240955.985    240252.65    233720.76          20        230428.02
198844.115 -  219900.050    205187.88    202112.85         139        209372.08
177788.180 -  198844.115    198501.17    183768.17          12        188316.15
156732.245 -  177788.180    164792.64    165357.98          44        167260.21
135676.310 -  156732.245    149145.04    144767.37          84        146204.28
114620.375 -  135676.310    125800.90    125453.77         144        125148.34
93564.440 -  114620.375     105350.33    105097.44         159        104092.41
72508.505 -  93564.440       82908.02     82828.23         394         83036.47
51452.570 -  72508.505       61454.90     61522.25         549         61980.54
30396.635 -  51452.570       42088.65     41997.33        1020         40924.60
9340.700 -  30396.635        23395.06     23618.08         194         19868.67
