*------------------------------------------------------------*
* Report Log
Date:                March 18, 2016
Time:                18:47:20
*------------------------------------------------------------*
11461  *------------------------------------------------------------*;
11462  * Part: Computing statistics for class target variables;
11463  *------------------------------------------------------------*;
11464  ods listing close;
11465  ods output onewayfreqs=WORK.TEMPFREQ;
11466  proc freq data = EMWS1.Ids2_DATA order=formatted addnames;
11467  table TargetBuy / missing;
11468  run;

NOTE: View EMWS1.IDS2_DATA.VIEW used (Total process time):
      real time           0.14 seconds
      cpu time            0.03 seconds
      
NOTE: There were 22223 observations read from the data set ORGDATA.ORGANICS.
NOTE: The data set WORK.TEMPFREQ has 2 observations and 8 variables.
NOTE: There were 22223 observations read from the data set EMWS1.IDS2_DATA.
NOTE: PROCEDURE FREQ used (Total process time):
      real time           0.15 seconds
      cpu time            0.04 seconds
      

11469  quit;
11470  ods listing;
11471  data WORK.Part_BAR(keep=_VARIABLE_ TYPE COUNT PERCENT _X_ _XLABEL_);
11472  label _VARIABLE_ = "%sysfunc(sasmsg(sashelp.dmine, rpt_variable_vlabel, NOQUOTE))" Type = "%sysfunc(sasmsg(sashelp.dmine, rpt_type_vlabel,         NOQUOTE))" _X_ = "%sysfunc(sasmsg(sashelp.dmine, rpt_numValue_vlabel, NOQUOTE))" _XLABEL_ =
11473     "%sysfunc(sasmsg(sashelp.dmine, rpt_fmtValue_vlabel ,    NOQUOTE))" COUNT = "%sysfunc(sasmsg(sashelp.dmine, rpt_count_vlabel,        NOQUOTE))" PERCENT = "%sysfunc(sasmsg(sashelp.dmine, rpt_percent_vlabel,      NOQUOTE))";
11474  dsid = open("WORK.TEMPFREQ");
11475  varnum = varnum(dsid, 'VARIABLE');
11476  freqnum = varnum(dsid, 'FREQUENCY');
11477  pvarnum = varnum(dsid, 'PERCENT');
11478  typenum = varnum(dsid, '_TYPE_');
11479  length _VARIABLE_ $32 TYPE $1 _XLABEL_ $32;
11480  do while(^fetch(dsid));
11481  _VARIABLE_ = strip(getvarc(dsid, varnum));
11482  count = getvarn(dsid, freqnum);
11483  percent= getvarn(dsid, pvarnum);
11484  vvarnum = varnum(dsid, _VARIABLE_);
11485  type = vartype(dsid, vvarnum);
11486  fvarnum = varnum(dsid, 'F_'!!substr(_VARIABLE_, 1, 30));
11487  _XLABEL_ = left(getvarc(dsid, fvarnum));
11488  _X_ = .;
11489  if TYPE eq 'N' then _X_ = getvarn(dsid, vvarnum);
11490  output;
11491  end;
11492  dsid = close(dsid);
11493  run;

NOTE: The data set WORK.PART_BAR has 2 observations and 6 variables.
NOTE: DATA statement used (Total process time):
      real time           0.03 seconds
      cpu time            0.01 seconds
      

11494  proc sort data=WORK.Part_BAR NOTHREADS;
11495  by _VARIABLE_;
11496  run;

NOTE: There were 2 observations read from the data set WORK.PART_BAR.
NOTE: The data set WORK.PART_BAR has 2 observations and 6 variables.
NOTE: PROCEDURE SORT used (Total process time):
      real time           0.00 seconds
      cpu time            0.00 seconds
      

11497  proc sort data=WORK.M2N8VWXT;
11498  by Name;
11499  run;

NOTE: There were 1 observations read from the data set WORK.M2N8VWXT.
NOTE: The data set WORK.M2N8VWXT has 1 observations and 21 variables.
NOTE: PROCEDURE SORT used (Total process time):
      real time           0.01 seconds
      cpu time            0.01 seconds
      

11500  data WORK.Part_BAR;
11501  merge WORK.Part_BAR(in=_a) WORK.M2N8VWXT(keep=Name Label Role rename=(Name=_Variable_ Label=_Label_));
11502  by _Variable_;
11503  label Role = "%sysfunc(sasmsg(sashelp.dmine, meta_role_vlabel ,  NOQUOTE))";
11504  label Label = "%sysfunc(sasmsg(sashelp.dmine, meta_label_vlabel , NOQUOTE))";
11505  if _a then output;
11506  run;

NOTE: Variable Label is uninitialized.
WARNING: Multiple lengths were specified for the BY variable _VARIABLE_ by input data sets. This might cause unexpected results.
NOTE: There were 2 observations read from the data set WORK.PART_BAR.
NOTE: There were 1 observations read from the data set WORK.M2N8VWXT.
NOTE: The data set WORK.PART_BAR has 2 observations and 8 variables.
NOTE: DATA statement used (Total process time):
      real time           0.01 seconds
      cpu time            0.00 seconds
      

11507  data EMWS1.Part_CLASS;
11508  length DATA $8;
11509  set WORK.Part_BAR;
11510  DATA = "DATA";
11511  run;

NOTE: There were 2 observations read from the data set WORK.PART_BAR.
NOTE: The data set EMWS1.PART_CLASS has 2 observations and 9 variables.
NOTE: DATA statement used (Total process time):
      real time           0.01 seconds
      cpu time            0.01 seconds
      

11512  *------------------------------------------------------------*;
11513  * Part: Computing statistics for interval target variables;
11514  *------------------------------------------------------------*;
11515  *------------------------------------------------------------*;
11516  * Part: Computing statistics for class target variables;
11517  *------------------------------------------------------------*;
11518  ods listing close;
11519  ods output onewayfreqs=WORK.TEMPFREQ;
11520  proc freq data = EMWS1.Part_TRAIN order=formatted addnames;
11521  table TargetBuy / missing;
11522  run;

NOTE: The data set WORK.TEMPFREQ has 2 observations and 8 variables.
NOTE: There were 8889 observations read from the data set EMWS1.PART_TRAIN.
NOTE: PROCEDURE FREQ used (Total process time):
      real time           0.01 seconds
      cpu time            0.01 seconds
      

11523  quit;
11524  ods listing;
11525  data WORK.Part_BAR(keep=_VARIABLE_ TYPE COUNT PERCENT _X_ _XLABEL_);
11526  label _VARIABLE_ = "%sysfunc(sasmsg(sashelp.dmine, rpt_variable_vlabel, NOQUOTE))" Type = "%sysfunc(sasmsg(sashelp.dmine, rpt_type_vlabel,         NOQUOTE))" _X_ = "%sysfunc(sasmsg(sashelp.dmine, rpt_numValue_vlabel, NOQUOTE))" _XLABEL_ =
11527     "%sysfunc(sasmsg(sashelp.dmine, rpt_fmtValue_vlabel ,    NOQUOTE))" COUNT = "%sysfunc(sasmsg(sashelp.dmine, rpt_count_vlabel,        NOQUOTE))" PERCENT = "%sysfunc(sasmsg(sashelp.dmine, rpt_percent_vlabel,      NOQUOTE))";
11528  dsid = open("WORK.TEMPFREQ");
11529  varnum = varnum(dsid, 'VARIABLE');
11530  freqnum = varnum(dsid, 'FREQUENCY');
11531  pvarnum = varnum(dsid, 'PERCENT');
11532  typenum = varnum(dsid, '_TYPE_');
11533  length _VARIABLE_ $32 TYPE $1 _XLABEL_ $32;
11534  do while(^fetch(dsid));
11535  _VARIABLE_ = strip(getvarc(dsid, varnum));
11536  count = getvarn(dsid, freqnum);
11537  percent= getvarn(dsid, pvarnum);
11538  vvarnum = varnum(dsid, _VARIABLE_);
11539  type = vartype(dsid, vvarnum);
11540  fvarnum = varnum(dsid, 'F_'!!substr(_VARIABLE_, 1, 30));
11541  _XLABEL_ = left(getvarc(dsid, fvarnum));
11542  _X_ = .;
11543  if TYPE eq 'N' then _X_ = getvarn(dsid, vvarnum);
11544  output;
11545  end;
11546  dsid = close(dsid);
11547  run;

NOTE: The data set WORK.PART_BAR has 2 observations and 6 variables.
NOTE: DATA statement used (Total process time):
      real time           0.01 seconds
      cpu time            0.01 seconds
      

11548  proc sort data=WORK.Part_BAR NOTHREADS;
11549  by _VARIABLE_;
11550  run;

NOTE: There were 2 observations read from the data set WORK.PART_BAR.
NOTE: The data set WORK.PART_BAR has 2 observations and 6 variables.
NOTE: PROCEDURE SORT used (Total process time):
      real time           0.00 seconds
      cpu time            0.00 seconds
      

11551  proc sort data=WORK.M2N8VWXT;
11552  by Name;
11553  run;

NOTE: Input data set is already sorted, no sorting done.
NOTE: PROCEDURE SORT used (Total process time):
      real time           0.01 seconds
      cpu time            0.00 seconds
      

11554  data WORK.Part_BAR;
11555  merge WORK.Part_BAR(in=_a) WORK.M2N8VWXT(keep=Name Label Role rename=(Name=_Variable_ Label=_Label_));
11556  by _Variable_;
11557  label Role = "%sysfunc(sasmsg(sashelp.dmine, meta_role_vlabel ,  NOQUOTE))";
11558  label Label = "%sysfunc(sasmsg(sashelp.dmine, meta_label_vlabel , NOQUOTE))";
11559  if _a then output;
11560  run;

NOTE: Variable Label is uninitialized.
WARNING: Multiple lengths were specified for the BY variable _VARIABLE_ by input data sets. This might cause unexpected results.
NOTE: There were 2 observations read from the data set WORK.PART_BAR.
NOTE: There were 1 observations read from the data set WORK.M2N8VWXT.
NOTE: The data set WORK.PART_BAR has 2 observations and 8 variables.
NOTE: DATA statement used (Total process time):
      real time           0.00 seconds
      cpu time            0.00 seconds
      

11561  data WORK.Part_BAR;
11562  length DATA $8;
11563  set WORK.Part_BAR;
11564  DATA = "TRAIN";
11565  run;

NOTE: There were 2 observations read from the data set WORK.PART_BAR.
NOTE: The data set WORK.PART_BAR has 2 observations and 9 variables.
NOTE: DATA statement used (Total process time):
      real time           0.01 seconds
      cpu time            0.01 seconds
      

11566  data EMWS1.Part_CLASS;
11567  set EMWS1.Part_CLASS WORK.Part_BAR;
11568  run;

NOTE: There were 2 observations read from the data set EMWS1.PART_CLASS.
NOTE: There were 2 observations read from the data set WORK.PART_BAR.
NOTE: The data set EMWS1.PART_CLASS has 4 observations and 9 variables.
NOTE: DATA statement used (Total process time):
      real time           0.01 seconds
      cpu time            0.01 seconds
      

11569  *------------------------------------------------------------*;
11570  * Part: Computing statistics for interval target variables;
11571  *------------------------------------------------------------*;
11572  *------------------------------------------------------------*;
11573  * Part: Computing statistics for class target variables;
11574  *------------------------------------------------------------*;
11575  ods listing close;
11576  ods output onewayfreqs=WORK.TEMPFREQ;
11577  proc freq data = EMWS1.Part_VALIDATE order=formatted addnames;
11578  table TargetBuy / missing;
11579  run;

NOTE: The data set WORK.TEMPFREQ has 2 observations and 8 variables.
NOTE: There were 6667 observations read from the data set EMWS1.PART_VALIDATE.
NOTE: PROCEDURE FREQ used (Total process time):
      real time           0.00 seconds
      cpu time            0.00 seconds
      

11580  quit;
11581  ods listing;
11582  data WORK.Part_BAR(keep=_VARIABLE_ TYPE COUNT PERCENT _X_ _XLABEL_);
11583  label _VARIABLE_ = "%sysfunc(sasmsg(sashelp.dmine, rpt_variable_vlabel, NOQUOTE))" Type = "%sysfunc(sasmsg(sashelp.dmine, rpt_type_vlabel,         NOQUOTE))" _X_ = "%sysfunc(sasmsg(sashelp.dmine, rpt_numValue_vlabel, NOQUOTE))" _XLABEL_ =
11584     "%sysfunc(sasmsg(sashelp.dmine, rpt_fmtValue_vlabel ,    NOQUOTE))" COUNT = "%sysfunc(sasmsg(sashelp.dmine, rpt_count_vlabel,        NOQUOTE))" PERCENT = "%sysfunc(sasmsg(sashelp.dmine, rpt_percent_vlabel,      NOQUOTE))";
11585  dsid = open("WORK.TEMPFREQ");
11586  varnum = varnum(dsid, 'VARIABLE');
11587  freqnum = varnum(dsid, 'FREQUENCY');
11588  pvarnum = varnum(dsid, 'PERCENT');
11589  typenum = varnum(dsid, '_TYPE_');
11590  length _VARIABLE_ $32 TYPE $1 _XLABEL_ $32;
11591  do while(^fetch(dsid));
11592  _VARIABLE_ = strip(getvarc(dsid, varnum));
11593  count = getvarn(dsid, freqnum);
11594  percent= getvarn(dsid, pvarnum);
11595  vvarnum = varnum(dsid, _VARIABLE_);
11596  type = vartype(dsid, vvarnum);
11597  fvarnum = varnum(dsid, 'F_'!!substr(_VARIABLE_, 1, 30));
11598  _XLABEL_ = left(getvarc(dsid, fvarnum));
11599  _X_ = .;
11600  if TYPE eq 'N' then _X_ = getvarn(dsid, vvarnum);
11601  output;
11602  end;
11603  dsid = close(dsid);
11604  run;

NOTE: The data set WORK.PART_BAR has 2 observations and 6 variables.
NOTE: DATA statement used (Total process time):
      real time           0.01 seconds
      cpu time            0.01 seconds
      

11605  proc sort data=WORK.Part_BAR NOTHREADS;
11606  by _VARIABLE_;
11607  run;

NOTE: There were 2 observations read from the data set WORK.PART_BAR.
NOTE: The data set WORK.PART_BAR has 2 observations and 6 variables.
NOTE: PROCEDURE SORT used (Total process time):
      real time           0.00 seconds
      cpu time            0.00 seconds
      

11608  proc sort data=WORK.M2N8VWXT;
11609  by Name;
11610  run;

NOTE: Input data set is already sorted, no sorting done.
NOTE: PROCEDURE SORT used (Total process time):
      real time           0.00 seconds
      cpu time            0.00 seconds
      

11611  data WORK.Part_BAR;
11612  merge WORK.Part_BAR(in=_a) WORK.M2N8VWXT(keep=Name Label Role rename=(Name=_Variable_ Label=_Label_));
11613  by _Variable_;
11614  label Role = "%sysfunc(sasmsg(sashelp.dmine, meta_role_vlabel ,  NOQUOTE))";
11615  label Label = "%sysfunc(sasmsg(sashelp.dmine, meta_label_vlabel , NOQUOTE))";
11616  if _a then output;
11617  run;

NOTE: Variable Label is uninitialized.
WARNING: Multiple lengths were specified for the BY variable _VARIABLE_ by input data sets. This might cause unexpected results.
NOTE: There were 2 observations read from the data set WORK.PART_BAR.
NOTE: There were 1 observations read from the data set WORK.M2N8VWXT.
NOTE: The data set WORK.PART_BAR has 2 observations and 8 variables.
NOTE: DATA statement used (Total process time):
      real time           0.01 seconds
      cpu time            0.01 seconds
      

11618  data WORK.Part_BAR;
11619  length DATA $8;
11620  set WORK.Part_BAR;
11621  DATA = "VALIDATE";
11622  run;

NOTE: There were 2 observations read from the data set WORK.PART_BAR.
NOTE: The data set WORK.PART_BAR has 2 observations and 9 variables.
NOTE: DATA statement used (Total process time):
      real time           0.01 seconds
      cpu time            0.01 seconds
      

11623  data EMWS1.Part_CLASS;
11624  set EMWS1.Part_CLASS WORK.Part_BAR;
11625  run;

NOTE: There were 4 observations read from the data set EMWS1.PART_CLASS.
NOTE: There were 2 observations read from the data set WORK.PART_BAR.
NOTE: The data set EMWS1.PART_CLASS has 6 observations and 9 variables.
NOTE: DATA statement used (Total process time):
      real time           0.00 seconds
      cpu time            0.00 seconds
      

11626  *------------------------------------------------------------*;
11627  * Part: Computing statistics for interval target variables;
11628  *------------------------------------------------------------*;
11629  *------------------------------------------------------------*;
11630  * Part: Computing statistics for class target variables;
11631  *------------------------------------------------------------*;
11632  ods listing close;
11633  ods output onewayfreqs=WORK.TEMPFREQ;
11634  proc freq data = EMWS1.Part_TEST order=formatted addnames;
11635  table TargetBuy / missing;
11636  run;

NOTE: The data set WORK.TEMPFREQ has 2 observations and 8 variables.
NOTE: There were 6667 observations read from the data set EMWS1.PART_TEST.
NOTE: PROCEDURE FREQ used (Total process time):
      real time           0.01 seconds
      cpu time            0.01 seconds
      

11637  quit;
11638  ods listing;
11639  data WORK.Part_BAR(keep=_VARIABLE_ TYPE COUNT PERCENT _X_ _XLABEL_);
11640  label _VARIABLE_ = "%sysfunc(sasmsg(sashelp.dmine, rpt_variable_vlabel, NOQUOTE))" Type = "%sysfunc(sasmsg(sashelp.dmine, rpt_type_vlabel,         NOQUOTE))" _X_ = "%sysfunc(sasmsg(sashelp.dmine, rpt_numValue_vlabel, NOQUOTE))" _XLABEL_ =
11641     "%sysfunc(sasmsg(sashelp.dmine, rpt_fmtValue_vlabel ,    NOQUOTE))" COUNT = "%sysfunc(sasmsg(sashelp.dmine, rpt_count_vlabel,        NOQUOTE))" PERCENT = "%sysfunc(sasmsg(sashelp.dmine, rpt_percent_vlabel,      NOQUOTE))";
11642  dsid = open("WORK.TEMPFREQ");
11643  varnum = varnum(dsid, 'VARIABLE');
11644  freqnum = varnum(dsid, 'FREQUENCY');
11645  pvarnum = varnum(dsid, 'PERCENT');
11646  typenum = varnum(dsid, '_TYPE_');
11647  length _VARIABLE_ $32 TYPE $1 _XLABEL_ $32;
11648  do while(^fetch(dsid));
11649  _VARIABLE_ = strip(getvarc(dsid, varnum));
11650  count = getvarn(dsid, freqnum);
11651  percent= getvarn(dsid, pvarnum);
11652  vvarnum = varnum(dsid, _VARIABLE_);
11653  type = vartype(dsid, vvarnum);
11654  fvarnum = varnum(dsid, 'F_'!!substr(_VARIABLE_, 1, 30));
11655  _XLABEL_ = left(getvarc(dsid, fvarnum));
11656  _X_ = .;
11657  if TYPE eq 'N' then _X_ = getvarn(dsid, vvarnum);
11658  output;
11659  end;
11660  dsid = close(dsid);
11661  run;

NOTE: The data set WORK.PART_BAR has 2 observations and 6 variables.
NOTE: DATA statement used (Total process time):
      real time           0.01 seconds
      cpu time            0.01 seconds
      

11662  proc sort data=WORK.Part_BAR NOTHREADS;
11663  by _VARIABLE_;
11664  run;

NOTE: There were 2 observations read from the data set WORK.PART_BAR.
NOTE: The data set WORK.PART_BAR has 2 observations and 6 variables.
NOTE: PROCEDURE SORT used (Total process time):
      real time           0.01 seconds
      cpu time            0.01 seconds
      

11665  proc sort data=WORK.M2N8VWXT;
11666  by Name;
11667  run;

NOTE: Input data set is already sorted, no sorting done.
NOTE: PROCEDURE SORT used (Total process time):
      real time           0.00 seconds
      cpu time            0.00 seconds
      

11668  data WORK.Part_BAR;
11669  merge WORK.Part_BAR(in=_a) WORK.M2N8VWXT(keep=Name Label Role rename=(Name=_Variable_ Label=_Label_));
11670  by _Variable_;
11671  label Role = "%sysfunc(sasmsg(sashelp.dmine, meta_role_vlabel ,  NOQUOTE))";
11672  label Label = "%sysfunc(sasmsg(sashelp.dmine, meta_label_vlabel , NOQUOTE))";
11673  if _a then output;
11674  run;

NOTE: Variable Label is uninitialized.
WARNING: Multiple lengths were specified for the BY variable _VARIABLE_ by input data sets. This might cause unexpected results.
NOTE: There were 2 observations read from the data set WORK.PART_BAR.
NOTE: There were 1 observations read from the data set WORK.M2N8VWXT.
NOTE: The data set WORK.PART_BAR has 2 observations and 8 variables.
NOTE: DATA statement used (Total process time):
      real time           0.01 seconds
      cpu time            0.01 seconds
      

11675  data WORK.Part_BAR;
11676  length DATA $8;
11677  set WORK.Part_BAR;
11678  DATA = "TEST";
11679  run;

NOTE: There were 2 observations read from the data set WORK.PART_BAR.
NOTE: The data set WORK.PART_BAR has 2 observations and 9 variables.
NOTE: DATA statement used (Total process time):
      real time           0.00 seconds
      cpu time            0.00 seconds
      

11680  data EMWS1.Part_CLASS;
11681  set EMWS1.Part_CLASS WORK.Part_BAR;
11682  run;

NOTE: There were 6 observations read from the data set EMWS1.PART_CLASS.
NOTE: There were 2 observations read from the data set WORK.PART_BAR.
NOTE: The data set EMWS1.PART_CLASS has 8 observations and 9 variables.
NOTE: DATA statement used (Total process time):
      real time           0.01 seconds
      cpu time            0.01 seconds
      

11683  *------------------------------------------------------------*;
11684  * Part: Computing statistics for interval target variables;
11685  *------------------------------------------------------------*;
11686  data EMWS1.Part_CLASS(rename=(_VARIABLE_=VARIABLE _X_=VALUE _XLABEL_=FORMATTEDVALUE));
11687  label DATA = "%sysfunc(sasmsg(sashelp.dmine, rpt_data_vlabel ,   NOQUOTE))";
11688  set EMWS1.Part_CLASS;
11689  drop type role;
11690  run;

NOTE: There were 8 observations read from the data set EMWS1.PART_CLASS.
NOTE: The data set EMWS1.PART_CLASS has 8 observations and 7 variables.
NOTE: DATA statement used (Total process time):
      real time           0.04 seconds
      cpu time            0.03 seconds
      

11691  proc sort data=EMWS1.Part_CLASS NOTHREADS;
11692  by DATA;
11693  run;

NOTE: There were 8 observations read from the data set EMWS1.PART_CLASS.
NOTE: The data set EMWS1.PART_CLASS has 8 observations and 7 variables.
NOTE: PROCEDURE SORT used (Total process time):
      real time           0.01 seconds
      cpu time            0.01 seconds
      

11694  %let _cn = %sysfunc(getoption(CENTER));
11695  %let _nb = %sysfunc(getoption(NUMBER));
11696  options nonumber nocenter;
11697  proc print data=EMWS1.Part_CLASS noobs label;
11698  by DATA;
11699  title9 ' ';
11700  title10 "%sysfunc(sasmsg(sashelp.dmine, rpt_classTargetStats_title, NOQUOTE))";
11701  run;

NOTE: There were 8 observations read from the data set EMWS1.PART_CLASS.
NOTE: The PROCEDURE PRINT printed page 3.
NOTE: PROCEDURE PRINT used (Total process time):
      real time           0.04 seconds
      cpu time            0.00 seconds
      

11702  title10;
11703  options &_cn &_nb;

