NOTE: PROCEDURE PRINTTO used (Total process time):
      real time           0.00 seconds
      cpu time            0.00 seconds
      

NOTE: 1528053 kilobytes of physical memory.
NOTE: The subtree sequence contains 30 subtrees. The largest has 50 nodes and 33 leaves.
NOTE: Will use 8889 out of 8889 training cases.
NOTE: Using memory pool with 158930944 bytes.
NOTE: The subtree sequence contains 30 subtrees. The largest has 50 nodes and 33 leaves.
NOTE: Using subtree with 50 nodes and 33 leaves.
NOTE: Created macro variable NLEAVES equal to 33.
NOTE: The data set EMWS2.TREE5_OUTIMPORT has 9 observations and 6 variables.
NOTE: The data set EMWS2.TREE5_EMTREE has 1118 observations and 4 variables.
NOTE: The data set EMWS2.TREE5_OUTNODES has 50 observations and 24 variables.
NOTE: The data set EMWS2.TREE5_OUTPATH has 192 observations and 7 variables.
NOTE: The data set EMWS2.TREE5_OUTRULES has 268 observations and 6 variables.
NOTE: The data set EMWS2.TREE5_OUTSEQ has 30 observations and 20 variables.
NOTE: The data set EMWS2.TREE5_OUTSTATS has 350 observations and 5 variables.
NOTE: The data set EMWS2.TREE5_OUTSUMMARY has 24 observations and 6 variables.
NOTE: The data set EMWS2.TREE5_OUTTOPOLOGY has 50 observations and 5 variables.
NOTE: External file C:\Users\Intern Three\Documents\Thi Duong\SPRING 16\BUS 
      458H\HW\ORGANICS2\Workspaces\EMWS2\Tree5\TREEFLOW.sas opened.
NOTE: External file C:\Users\Intern Three\Documents\Thi Duong\SPRING 16\BUS 
      458H\HW\ORGANICS2\Workspaces\EMWS2\Tree5\TREEPUBLISH.sas opened.
NOTE: The data set WORK.FIT_TRAIN has 1 observations and 10 variables.
NOTE: The data set WORK.FIT_VALID has 1 observations and 8 variables.
NOTE: The data set WORK.FIT_TEST has 1 observations and 8 variables.


NOTE: There were 8889 observations read from the data set EMWS2.PART_TRAIN.
NOTE: The data set WORK._NAMEDAT has 2 observations and 5 variables.
NOTE: PROCEDURE ARBOR used (Total process time):
      real time           0.17 seconds
      cpu time            0.17 seconds
      


NOTE: There were 1 observations read from the data set EMWS2.TREE5_VARIABLESET.
      WHERE ROLE='TARGET';
NOTE: The data set WORK.TEMPTARGET has 1 observations and 21 variables.
NOTE: DATA statement used (Total process time):
      real time           0.00 seconds
      cpu time            0.01 seconds
      


NOTE: There were 1 observations read from the data set WORK.FIT_TRAIN.
NOTE: There were 1 observations read from the data set WORK.FIT_VALID.
NOTE: There were 1 observations read from the data set WORK.FIT_TEST.
NOTE: The data set EMWS2.TREE5_EMOUTFIT has 1 observations and 24 variables.
NOTE: DATA statement used (Total process time):
      real time           0.00 seconds
      cpu time            0.00 seconds
      


NOTE: Deleting WORK.FIT_VALID (memtype=DATA).

NOTE: PROCEDURE DATASETS used (Total process time):
      real time           0.00 seconds
      cpu time            0.01 seconds
      


NOTE: Deleting WORK.FIT_TEST (memtype=DATA).

NOTE: PROCEDURE DATASETS used (Total process time):
      real time           0.00 seconds
      cpu time            0.01 seconds
      


NOTE: Variable cvimportance is uninitialized.
NOTE: Variable nsurrogates is uninitialized.
NOTE: There were 2 observations read from the data set EMWS2.TREE5_OUTIMPORT.
NOTE: DATA statement used (Total process time):
      real time           0.00 seconds
      cpu time            0.01 seconds
      


NOTE: There were 3 observations read from the data set EMWS2.TREE5_OUTIMPORT.
      WHERE nrules>0;
NOTE: The PROCEDURE PRINT printed page 17.
NOTE: PROCEDURE PRINT used (Total process time):
      real time           0.00 seconds
      cpu time            0.00 seconds
      


NOTE: There were 192 observations read from the data set EMWS2.TREE5_OUTPATH.
NOTE: The data set WORK.TEMPOUTPATH has 192 observations and 8 variables.
NOTE: DATA statement used (Total process time):
      real time           0.00 seconds
      cpu time            0.01 seconds
      


NOTE: There were 2 observations read from the data set EMWS2.IDS_TARGETBUY_DM.
      WHERE _TYPE_='PREDICTED';
NOTE: DATA statement used (Total process time):
      real time           0.00 seconds
      cpu time            0.00 seconds
      


NOTE: There were 2 observations read from the data set EMWS2.TREE5_OUTNODES.
NOTE: DATA statement used (Total process time):
      real time           0.00 seconds
      cpu time            0.00 seconds
      


NOTE: There were 192 observations read from the data set WORK.TEMPOUTPATH.
NOTE: The data set WORK.TEMPOUTPATH has 192 observations and 8 variables.
NOTE: PROCEDURE SORT used (Total process time):
      real time           0.00 seconds
      cpu time            0.00 seconds
      


NOTE: There were 50 observations read from the data set EMWS2.TREE5_OUTNODES.
NOTE: The data set WORK.OUTNODES has 50 observations and 24 variables.
NOTE: PROCEDURE SORT used (Total process time):
      real time           0.00 seconds
      cpu time            0.00 seconds
      


NOTE: There were 192 observations read from the data set WORK.TEMPOUTPATH.
NOTE: There were 50 observations read from the data set WORK.OUTNODES.
NOTE: The data set WORK.TEMPOUTPATH has 192 observations and 11 variables.
NOTE: DATA statement used (Total process time):
      real time           0.00 seconds
      cpu time            0.00 seconds
      


NOTE: There were 192 observations read from the data set WORK.TEMPOUTPATH.
NOTE: The data set WORK.TEMPOUTPATH has 192 observations and 11 variables.
NOTE: PROCEDURE SORT used (Total process time):
      real time           0.00 seconds
      cpu time            0.00 seconds
      


NOTE: Numeric values have been converted to character values at the places given by: 
      (Line):(Column).
      218:176   228:190   374:191   381:195   
NOTE: The file X is:
      
      Filename=C:\Users\Intern Three\Documents\Thi Duong\SPRING 16\BUS 
      458H\HW\ORGANICS2\Workspaces\EMWS2\Tree5\ENGLISHRULES.txt,
      RECFM=V,LRECL=131068,File Size (bytes)=0,
      Last Modified=27Mar2016:01:52:50,
      Create Time=27Mar2016:01:08:27

NOTE: 391 records were written to the file X.
      The minimum record length was 1.
      The maximum record length was 65.
NOTE: There were 192 observations read from the data set WORK.TEMPOUTPATH.
NOTE: DATA statement used (Total process time):
      real time           0.00 seconds
      cpu time            0.00 seconds
      


NOTE: Deleting WORK.TEMPOUTPATH (memtype=DATA).
NOTE: Deleting WORK.OUTNODES (memtype=DATA).

NOTE: PROCEDURE DATASETS used (Total process time):
      real time           0.00 seconds
      cpu time            0.00 seconds
      


NOTE: The data set WORK.EM_USER_REPORT has 132 observations and 4 variables.
NOTE: DATA statement used (Total process time):
      real time           0.03 seconds
      cpu time            0.03 seconds
      

NOTE: Fileref X has been deassigned.

