*------------------------------------------------------------*
* Score Log
Date:                March 01, 2016
Time:                12:34:05
*------------------------------------------------------------*
11807  *------------------------------------------------------------*;
11808  * Stat: Scoring DATA data;
11809  *------------------------------------------------------------*;
11810  data EMWS1.Stat_TRAIN
11811  / view=EMWS1.Stat_TRAIN
11812  ;
11813  set EMWS1.Ids_DATA
11814  ;
11815  run;

NOTE: DATA STEP view saved on file EMWS1.STAT_TRAIN.
NOTE: A stored DATA STEP view cannot run under a different operating system.
NOTE: View EMWS1.IDS_DATA.VIEW used (Total process time):
      real time           0.01 seconds
      cpu time            0.01 seconds
      
NOTE: DATA statement used (Total process time):
      real time           0.03 seconds
      cpu time            0.03 seconds
      

11816  quit;

11817  *------------------------------------------------------------*;
11818  * Stat: Computing metadata for TRAIN data;
11819  *------------------------------------------------------------*;

NOTE: View EMWS1.STAT_TRAIN.VIEW used (Total process time):
      real time           0.03 seconds
      cpu time            0.03 seconds
      
NOTE: View EMWS1.STAT_TRAIN.VIEW used (Total process time):
      real time           0.04 seconds
      cpu time            0.04 seconds
      
