 
                                                                                                                                                                                                                                                                
 
Variable Importance

                                                                               Ratio of
                     Number of                                               Validation
Variable             Splitting                            Validation        to Training
  Name      Label      Rules           Importance         Importance         Importance

nonstsal                 21                1.0000             1.0000             1.0000
statesal                 15                0.5796             0.6349             1.0954
exempt2                   1                0.0130             0.0109             0.8373
position                  1                0.0116             0.0108             0.9306
 
                                                                                                                                                                                                                                                                
 
Tree Leaf Report

Node               Training       Training     Validation     Validation     Training    Validation
 Id     Depth    Observations     Average     Observations      Average      Root ASE     Root ASE

  36      4           262         56000.98         122          56889.80      6945.86      8728.26 
  59      5           199         45695.64          84          47597.46      1525.83      8261.59 
 101      6           197         41803.88          86          41783.80      1420.12      1540.72 
  39      4           194         80472.21          83          81919.05      9022.26     13114.93 
  41      4           174         94602.06          67          94566.37     10836.86      9939.26 
 102      6           162         45252.08          72          45568.57      1292.15      1477.18 
  95      6           155         25853.30          62          25965.61      2451.41      3604.66 
  92      6           148         41634.70          90          41675.68       539.28       517.91 
 100      6           148         37523.15          67          38060.25      1339.99      1611.47 
 103      6           124         49365.86          58          49164.22      1235.34      1226.51 
  96      6           120         28817.18          46          28912.46      1893.27      2294.11 
  99      6           111         33626.05          46          33857.89      1758.96      2107.55 
  40      4           108         85762.00          44          85909.18      7447.70      5841.07 
  26      3           105        101778.10          41         102117.24      3873.71      3906.87 
  88      6           103         36547.04          32          36588.59       316.69       348.36 
  29      3            99        165185.52          36         166636.78      9750.63     10150.89 
   9      2            98        224578.77          51         236071.90     59639.20     61753.83 
  16      2            98        273957.19          35         271501.29     37465.53     32147.83 
  22      3            98        103556.68          37         104522.14     15708.24     15222.10 
  28      3            98        134294.63          41         135776.80      8198.10      8415.63 
  58      5            98         67737.44          34          68617.41     12737.87     11410.90 
  71      5            98         69608.88          37          70048.57      2463.73      2763.72 
 104      6            98         53924.50          53          54091.47      1745.52      1637.28 
  64      5            96         50058.91          34          49517.00      1424.69      1383.13 
  91      6            96         40126.26          49          40086.82       381.40       382.72 
  61      5            92         50091.27          45          50038.64      2248.02      3126.48 
  23      3            91        141148.10          40         136074.70     18299.67     17089.49 
  76      5            90         90010.52          49          89579.71      2610.19      3186.07 
 115      6            88         72698.81          26          72584.08      1300.49      1784.10 
  47      4            87        147090.84          32         147979.81      9338.74     12986.56 
  83      6            87         30450.76          52          30453.10       705.77       723.59 
 105      6            87         58596.29          37          58636.08      1043.33      1025.89 
  14      2            85        205333.69          42         204150.07     22752.90     34790.92 
  87      6            84         35447.73          34          35448.68       417.38       398.65 
 110      6            81         61480.69          38          61572.92      1021.03       593.17 
  79      5            80        116553.66          29         115684.62      6286.87      5646.78 
  74      5            79         79991.80          38          79243.18      2145.24      1692.10 
 112      6            78         65295.67          37          65467.76       592.45      1314.80 
   5      1            76        389678.80          30         377767.53    108485.70     90285.74 
  77      5            75         97038.79          42          97273.00      2665.90      2619.39 
  93      6            74         43390.23          28          43219.50       386.46       323.26 
  90      6            71         38803.68          40          38724.23       400.69       363.58 
 114      6            71         70004.13          37          69839.49      1710.22       707.61 
  25      3            70        172191.40          21         175374.62     23412.79     22136.68 
 113      6            69         67381.04          20          67396.05      1207.68       574.44 
 111      6            68         63386.09          25          63171.84       722.04       518.07 
  81      6            67         23373.58          25          24206.88      4340.69      3418.45 
  94      6            67         12629.34          43          12658.53      4930.43      4897.27 
  15      2            66        234605.62          31         241105.23     33395.85     28107.42 
  72      5            66         73448.67          33          73306.91      1870.24      1806.07 
  97      6            63         41342.32          30          41047.47      7829.24      9544.10 
  86      6            61         34083.41          20          34068.50       261.20       275.39 
 109      6            61         59803.31          27          59782.63       481.54       410.38 
  62      5            59         49622.37          28          49552.61      1211.63      1375.15 
  80      5            59        128431.73          24         126284.96      7208.46      8783.66 
  12      2            58        166528.22          31         155472.71     22075.41     25026.90 
  60      5            58         54232.33          19          55741.53     17523.48     17208.71 
  75      5            57         84096.63          25          84898.44      2194.07      3252.87 
  69      5            56         62533.70          31          63382.39      1639.05      2745.61 
  78      5            56        105425.50          30         105827.57      2487.69      3019.65 
  82      6            56         27963.50          21          28144.38       798.69       801.52 
  56      5            55         67858.22          19          64259.05      8592.99     10700.02 
  63      5            55         57550.02          27          56288.85     15171.64     16100.35 
  73      5            55         75918.07          17          76591.71      1214.77      2403.87 
  55      5            54         48611.93          13          48270.38      4745.10      5313.31 
  89      6            54         37626.07          15          37719.20       276.91       255.62 
  98      6            54         50866.28          18          52344.28      7817.36     10059.65 
  11      2            53        145295.30          22         138556.86     21144.00     26185.29 
  84      6            53         32334.23           9          32513.33       257.90       310.11 
  27      3            52        114770.81          20         115916.45      3201.64      3583.21 
  70      5            51         65306.02          29          64981.07      1218.70       974.09 
  13      2            50        233685.12          22         231484.59     54811.45     57371.42 
  38      4            50         94400.20          14          98545.43     14602.97     15000.07 
  85      6            50         33243.24          23          33195.87       259.23       223.83 
 108      6            50         58257.96          20          58209.60       470.27       433.98 
 
                                                                                                                                                                                                                                                                
 
 
Fit Statistics

Target=totalsal Target Label=' '

   Fit
Statistics    Statistics Label                     Train         Validation            Test

  _NOBS_      Sum of Frequencies                 6616.00            2835.00         2836.00
  _MAX_       Maximum Absolute Error           429390.20          232036.20       295421.23
  _SSE_       Sum of Squared Errors         1.9610627E12    774801000810.71    1.1623338E12
  _ASE_       Average Squared Error         296412144.19       273298412.98    409849733.07
  _RASE_      Root Average Squared Error        17216.62           16531.74        20244.75
  _DIV_       Divisor for ASE                    6616.00            2835.00         2836.00
  _DFT_       Total Degrees of Freedom           6616.00                .               .  
 
                                                                                                                                                                                                                                                                
 
 
Assessment Score Rankings

Data Role=TRAIN Target Variable=totalsal Target Label=' '

           Number of        Mean         Mean
Depth    Observations      Target     Predicted

   5          388        272268.92    272268.92
  10          312        177944.76    177944.76
  15          329        141346.22    141346.22
  20          345        112818.06    112818.06
  25          354         97246.80     97246.80
  30          305         88120.53     88120.53
  35          328         79592.85     79592.85
  40          323         71322.20     71322.20
  45          351         66790.40     66790.40
  50          353         61014.04     61014.04
  55          367         56540.62     56540.62
  60          302         52269.05     52269.05
  65          279         49658.57     49658.57
  70          415         45901.96     45901.96
  75          271         42237.05     42237.05
  80          307         41103.01     41103.01
  85          376         37512.34     37512.34
  90          256         34332.77     34332.77
  95          366         30188.83     30188.83
 100          289         22212.66     22212.66


Data Role=VALIDATE Target Variable=totalsal Target Label=' '

           Number of        Mean         Mean
Depth    Observations      Target     Predicted

   5          169        268888.53    267137.45
  10          130        177505.75    179608.37
  15          135        139210.68    141151.17
  20          140        112472.63    112515.69
  25          150         97388.13     97245.79
  30          132         88420.51     87939.86
  35          138         80525.95     79778.91
  40          152         70415.09     70848.44
  45          145         65979.08     65828.69
  50          133         60814.22     60583.18
  55          169         56949.98     56515.56
  60          135         52739.80     52282.32
  65          120         49354.80     49622.08
  70          169         46784.85     45731.00
  75          114         42136.43     42193.51
  80          169         41103.49     41145.44
  85          122         38236.02     37955.65
  90          132         34961.54     34872.69
  95          151         30203.25     30144.81
 100          130         21225.82     21002.35
 
                                                                                                                                                                                                                                                                
 
 
Assessment Score Distribution

Data Role=TRAIN Target Variable=totalsal Target Label=' '

                               Mean         Mean        Number of       Model
  Range for Predicted         Target     Predicted    Observations      Score

370826.330 -  389678.803    389678.80    389678.80          76        380252.57
257711.492 -  276563.965    273957.19    273957.19          98        267137.73
220006.546 -  238859.019    229798.81    229798.81         214        229432.78
201154.073 -  220006.546    205333.69    205333.69          85        210580.31
163449.127 -  182301.600    167688.99    167688.99         227        172875.36
144596.654 -  163449.127    146411.10    146411.10         140        154022.89
125744.181 -  144596.654    135414.61    135414.61         248        135170.42
106891.708 -  125744.181    115851.33    115851.33         132        116317.94
88039.235 -  106891.708      97683.19     97683.19         648         97465.47
69186.762 -  88039.235       77450.16     77450.16         816         78613.00
50334.289 -  69186.762       60037.98     60037.98        1281         59760.53
31481.816 -  50334.289       41851.84     41851.84        2099         40908.05
12629.343 -  31481.816       25530.24     25530.24         552         22055.58


Data Role=VALIDATE Target Variable=totalsal Target Label=' '

                               Mean         Mean        Number of       Model
  Range for Predicted         Target     Predicted    Observations      Score

370826.330 -  389678.803    377767.53    389678.80          30        380252.57
257711.492 -  276563.965    271501.29    273957.19          35        267137.73
220006.546 -  238859.019    236601.83    229493.88         104        229432.78
201154.073 -  220006.546    204150.07    205333.69          42        210580.31
163449.127 -  182301.600    164789.15    167330.37          88        172875.36
144596.654 -  163449.127    144140.83    146359.32          54        154022.89
125744.181 -  144596.654    133720.72    135565.38         105        135170.42
106891.708 -  125744.181    115779.24    115825.97          49        116317.94
88039.235 -  106891.708      97926.46     97547.68         280         97465.47
69186.762 -  88039.235       77932.99     77544.38         340         78613.00
50334.289 -  69186.762       60015.94     59797.06         556         59760.53
31481.816 -  50334.289       42266.71     42071.23         903         40908.05
12629.343 -  31481.816       25156.32     25006.30         249         22055.58
