 
                                                                                               
 
 
Fit Statistics

Target=RESPOND Target Label=RESPOND

   Fit
Statistics    Statistics Label                      Train    Validation        Test

 _DFT_        Total Degrees of Freedom           16474.00          .            .  
 _DFE_        Degrees of Freedom for Error       16253.00          .            .  
 _DFM_        Model Degrees of Freedom             221.00          .            .  
 _NW_         Number of Estimated Weights          221.00          .            .  
 _AIC_        Akaike's Information Criterion     16151.73          .            .  
 _SBC_        Schwarz's Bayesian Criterion       17855.54          .            .  
 _ASE_        Average Squared Error                  0.11         0.11         0.11
 _MAX_        Maximum Absolute Error                 1.00         1.00         1.00
 _DIV_        Divisor for ASE                    32948.00     24712.00     24716.00
 _NOBS_       Sum of Frequencies                 16474.00     12356.00     12358.00
 _RASE_       Root Average Squared Error             0.33         0.33         0.33
 _SSE_        Sum of Squared Errors               3594.18      2697.20      2697.06
 _SUMW_       Sum of Case Weights Times Freq     32948.00     24712.00     24716.00
 _FPE_        Final Prediction Error                 0.11          .            .  
 _MSE_        Mean Squared Error                     0.11         0.11         0.11
 _RFPE_       Root Final Prediction Error            0.33          .            .  
 _RMSE_       Root Mean Squared Error                0.33         0.33         0.33
 _AVERR_      Average Error Function                 0.48         0.48         0.48
 _ERR_        Error Function                     15709.73     11855.70     11856.85
 _MISC_       Misclassification Rate                 0.11         0.11         0.11
 _WRONG_      Number of Wrong Classifications     1856.00      1392.00      1392.00
 
                                                                                               
 
 
Classification Table

Data Role=TRAIN Target Variable=RESPOND Target Label=RESPOND

                       Target        Outcome     Frequency       Total
Target    Outcome    Percentage    Percentage      Count      Percentage

 NO         NO         88.7338         100         14618        88.7338 
 YES        NO         11.2662         100          1856        11.2662 


Data Role=VALIDATE Target Variable=RESPOND Target Label=RESPOND

                       Target        Outcome     Frequency       Total
Target    Outcome    Percentage    Percentage      Count      Percentage

 NO         NO         88.7342         100         10964        88.7342 
 YES        NO         11.2658         100          1392        11.2658 
 
                                                                                               
 
 
Event Classification Table

Data Role=TRAIN Target=RESPOND Target Label=RESPOND

  False       True        False       True
Negative    Negative    Positive    Positive

  1856        14618         0           0   


Data Role=VALIDATE Target=RESPOND Target Label=RESPOND

  False       True        False       True
Negative    Negative    Positive    Positive

  1392        10964         0           0   
 
                                                                                               
 
 
Assessment Score Rankings

Data Role=TRAIN Target Variable=RESPOND Target Label=RESPOND

                                                                                    Mean
                            Cumulative       %      Cumulative     Number of     Posterior
Depth     Gain      Lift       Lift      Response   % Response   Observations   Probability

   5    41.1124   1.41112     1.41112     15.8981     15.8981         824         0.024806 
  10    38.4194   1.35726     1.38419     15.2913     15.5947         824         0.022151 
  15    35.3674   1.29263     1.35367     14.5631     15.2508         824         0.020920 
  20    30.6494   1.16478     1.30649     13.1227     14.7193         823         0.019908 
  25    28.4327   1.19569     1.28433     13.4709     14.4695         824         0.019188 
  30    35.7539   1.72351     1.35754     19.4175     15.2944         824         0.018895 
  35    34.6959   1.28342     1.34696     14.4593     15.1752         823         0.018846 
  40    29.8413   0.95870     1.29841     10.8010     14.6282         824         0.018630 
  45    25.1079   0.87253     1.25108      9.8301     14.0950         824         0.018092 
  50    23.5991   1.10007     1.23599     12.3937     13.9250         823         0.017288 
  55    21.4693   1.00179     1.21469     11.2864     13.6850         824         0.016328 
  60    18.4375   0.85098     1.18437      9.5874     13.3434         824         0.015285 
  65    16.8668   0.98025     1.16867     11.0437     13.1665         824         0.014225 
  70    14.0682   0.77652     1.14068      8.7485     12.8512         823         0.013195 
  75    11.7052   0.78635     1.11705      8.8592     12.5850         824         0.012282 
  80     9.5704   0.77558     1.09570      8.7379     12.3445         824         0.011426 
  85     7.1240   0.67946     1.07124      7.6549     12.0688         823         0.010697 
  90     4.5230   0.60323     1.04523      6.7961     11.7758         824         0.009973 
  95     2.1960   0.60323     1.02196      6.7961     11.5136         824         0.009121 
 100     0.0000   0.58239     1.00000      6.5614     11.2662         823         0.007222 


Data Role=VALIDATE Target Variable=RESPOND Target Label=RESPOND

                                                                                    Mean
                            Cumulative       %      Cumulative     Number of     Posterior
Depth     Gain      Lift       Lift      Response   % Response   Observations   Probability

   5    37.8864   1.37886     1.37886     15.5340     15.5340         618         0.024651 
  10    27.8322   1.17778     1.27832     13.2686     14.4013         618         0.022044 
  15    24.9595   1.19214     1.24960     13.4304     14.0777         618         0.020868 
  20    21.0097   1.09160     1.21010     12.2977     13.6327         618         0.019901 
  25    20.1149   1.16530     1.20115     13.1280     13.5319         617         0.019209 
  30    22.0190   1.31536     1.22019     14.8186     13.7464         618         0.018898 
  35    24.1675   1.37055     1.24167     15.4403     13.9884         618         0.018851 
  40    22.4708   1.10596     1.22471     12.4595     13.7973         618         0.018662 
  45    17.6395   0.78997     1.17640      8.8997     13.2530         618         0.018183 
  50    15.2299   0.93512     1.15230     10.5348     12.9815         617         0.017419 
  55    13.2412   0.93361     1.13241     10.5178     12.7575         618         0.016479 
  60    11.2248   0.89052     1.11225     10.0324     12.5303         618         0.015398 
  65    10.6239   1.03415     1.10624     11.6505     12.4626         618         0.014281 
  70    10.1089   1.03415     1.10109     11.6505     12.4046         618         0.013238 
  75     7.2797   0.67616     1.07280      7.6175     12.0859         617         0.012328 
  80     5.6911   0.81870     1.05691      9.2233     11.9069         618         0.011475 
  85     4.1204   0.78997     1.04120      8.8997     11.7300         618         0.010738 
  90     2.7243   0.78997     1.02724      8.8997     11.5727         618         0.009976 
  95     2.0802   0.90488     1.02080     10.1942     11.5001         618         0.009145 
 100     0.0000   0.60423     1.00000      6.8071     11.2658         617         0.007137 
 
                                                                                               
 
 
Assessment Score Distribution

Data Role=TRAIN Target Variable=RESPOND Target Label=RESPOND

 Posterior     Number                     Mean
Probability      of      Number of     Posterior
   Range       Events    Nonevents    Probability    Percentage

 0.10-0.15         0           4        0.11269         0.0243 
 0.00-0.05      1856       14614        0.01590        99.9757 


Data Role=VALIDATE Target Variable=RESPOND Target Label=RESPOND

 Posterior     Number                     Mean
Probability      of      Number of     Posterior
   Range       Events    Nonevents    Probability    Percentage

 0.10-0.15         2           1        0.11269         0.0243 
 0.00-0.05      1390       10963        0.01592        99.9757 
