 
                                                                                                                                                                                                                                                                
 
Variable Importance

                                                                               Ratio of
                     Number of                                               Validation
Variable             Splitting                            Validation        to Training
  Name      Label      Rules           Importance         Importance         Importance

nonstsal                 32                1.0000             1.0000             1.0000
statesal                 27                0.5826             0.6364             1.0922
exempt2                   1                0.0331             0.0455             1.3741
position                  1                0.0135             0.0146             1.0837
 
                                                                                                                                                                                                                                                                
 
Tree Leaf Report

Node               Training       Training     Validation     Validation     Training    Validation
 Id     Depth    Observations     Average     Observations      Average      Root ASE     Root ASE

 123      10          620         33620.45         239          33052.49      6282.15      5983.47 
  85       8          380         45920.95         157          45435.05      5843.04      4985.10 
 107       9          325         38949.90         135          38674.65      7794.55      6858.55 
  66       7          272         62452.17         116          62460.63      6812.18      7507.64 
 122      10          260         26887.87          95          27700.20      3407.34      3236.29 
 109       9          204         41742.61         115          42987.93      4192.04      7334.89 
 112       9          174         42302.31          74          41848.53      2164.82      1760.25 
 108       9          170         39119.93          74          38680.74      5098.19      2055.54 
  67       7          163         67651.36          60          67018.65      6496.39      4825.45 
  73       7          136         77790.81          58          77070.19      4414.87      3859.25 
  91       8          131         58492.01          62          58224.29      2990.40      3712.67 
 117       9          120         51353.13          44          51452.68      1726.01      2672.07 
 119       9          118         56112.29          48          56244.73      2077.28      2709.30 
  27       4          113        243136.53          45         245666.22     31368.82     30451.60 
  94       8          111         70544.26          44          71108.84      4049.65      4347.80 
  31       5           99        105386.49          41         113819.98     14717.54     17845.73 
  25       4           98        193310.74          43         188562.47     49249.67     52649.02 
 114       9           98         48737.92          48          48443.60      1504.32      1240.14 
  99       8           97         73731.63          37          73035.00      5042.04      5192.98 
  83       8           96         18065.05          59          16201.00      9519.60      7965.09 
 126      10           95         44672.69          39          44674.49      1744.12      1613.64 
  96       8           93         81559.62          34          80036.26      3655.87      2090.50 
 118       9           92         53463.03          39          53454.82      1350.43      2759.23 
  26       4           86        205348.28          43         203595.42     22620.63     34596.02 
 129      10           86         49615.21          37          49436.84      1206.89       561.10 
  54       6           83        131039.04          32         128212.84      7979.60      8721.81 
  51       6           80        111508.41          34         113460.12      7007.51     10554.27 
  65       7           80         59423.75          48          58581.17     13745.52     12175.98 
 100       8           78         81679.05          22          81507.36      3680.80      5453.56 
  14       3           77        298051.52          32         291616.97     35175.26     26933.45 
  75       7           75         87713.63          32          86818.59      3593.81      1725.06 
  92       8           75         62329.00          33          62293.64      3342.70      2339.81 
 115       9           74         51269.54          27          50776.37      1795.34      1235.66 
  77       7           73        100421.36          29         100345.34      4471.31      3480.79 
  80       7           73        109521.42          41         109758.83      6731.21      6542.10 
  97       8           70         86975.40          42          86406.14      4262.66      3219.18 
 127      10           70         45916.10          34          46094.65      1182.42      1160.07 
 102       8           67         91942.79          20          90884.60      4236.62      1396.14 
  19       4           66        142233.36          27         138015.11     18721.45     17940.45 
  37       5           66        175551.74          22         183700.73     23321.51     29797.65 
 121       9           65         76233.89          27          77924.70      1495.24      4634.07 
 128      10           65         48331.14          37          48000.19      2052.41       521.32 
  56       6           64        123389.08          27         123918.56      5083.00      4461.76 
  81       7           64        117554.20          20         116456.85      5913.78      4922.29 
  98       8           64         70739.33          25          69560.12      4016.21      1281.11 
  59       6           61        172026.48          22         173655.55      5431.50      5489.23 
  93       8           61         65855.18          35          65535.51      3286.31      2983.22 
 120       9           61         73895.79          33          75461.85      2558.91      5722.18 
  22       4           60        188379.58          26         197484.58     25749.59     25872.74 
 103       8           60         95371.30          32          96703.38      4124.05      5243.34 
  57       6           59        140011.49          24         140091.54      4776.57      4412.10 
  90       8           59         54687.59          33          55166.52      3736.76      4517.72 
  36       5           57        145322.42          21         141973.76     19208.63     19535.15 
  55       6           57        149342.81          22         150521.05      6229.43      9646.92 
  63       7           54         70818.37          24          76347.13     10443.90     12218.76 
  79       7           54        101223.02          32          99647.84      5655.85      4387.24 
 104       8           54         90711.13          25          91231.40      2580.03      2809.38 
  23       4           52        264361.27          29         268468.28     60877.73     63244.15 
 105       8           51         95334.20          20          95030.85      4129.95      4057.30 
  15       3           50        430459.40          19         417005.79    113351.46     92256.77 
  58       6           50        155528.94          18         155128.28      5130.51      5507.35 
 101       8           50         83984.80          23          85157.48      2707.80      4921.37 
 
                                                                                                                                                                                                                                                                
 
 
Fit Statistics

Target=totalsal Target Label=' '

   Fit
Statistics    Statistics Label                     Train         Validation            Test

  _NOBS_      Sum of Frequencies                 6616.00            2835.00         2836.00
  _MAX_       Maximum Absolute Error           388609.60          207714.26       317867.26
  _SSE_       Sum of Squared Errors          1.631755E12    653607652002.34    1.0154139E12
  _ASE_       Average Squared Error         246637701.86       230549436.33    358044376.04
  _RASE_      Root Average Squared Error        15704.70           15183.85        18922.06
  _DIV_       Divisor for ASE                    6616.00            2835.00         2836.00
  _DFT_       Total Degrees of Freedom           6616.00                .               .  
 
                                                                                                                                                                                                                                                                
 
 
Assessment Score Rankings

Data Role=TRAIN Target Variable=totalsal Target Label=' '

           Number of        Mean         Mean
Depth    Observations      Target     Predicted

   5          378        273423.55    273423.55
  10          285        183604.41    183604.41
  15          372        142733.02    142733.02
  20          380        112550.97    112550.97
  25          305         96856.69     96856.69
  30          327         86041.00     86041.00
  35          294         78638.77     78638.77
  40          387         71941.95     71941.95
  45          496         64579.29     64579.29
  50          155         60829.52     60829.52
  55          308         56851.53     56851.53
  60          286         52010.21     52010.21
  65          629         47114.01     47114.01
  70           70         45916.10     45916.10
  75          473         42537.00     42537.00
  80          170         39119.93     39119.93
  85          325         38949.90     38949.90
  90          620         33620.45     33620.45
  95          260         26887.87     26887.87
 100           96         18065.05     18065.05


Data Role=VALIDATE Target Variable=totalsal Target Label=' '

           Number of        Mean         Mean
Depth    Observations      Target     Predicted

   5          168        266964.38    268773.65
  10          131        182419.33    180583.76
  15          153        136144.63    137664.34
  20          136        112893.47    109952.90
  25          133         97079.42     97359.23
  30          144         86387.65     86501.18
  35          152         77536.26     77511.65
  40          130         72326.29     71539.55
  45          211         64266.80     64495.09
  50           81         60093.65     60607.37
  55          143         56854.18     56815.28
  60          147         51352.25     51460.11
  65          242         46423.98     46848.19
  70           34         46094.65     45916.10
  75          228         42906.61     42425.47
  80           74         38680.74     39119.93
  85          135         38674.65     38949.90
  90          239         33052.49     33620.45
  95           95         27700.20     26887.87
 100           59         16201.00     18065.05
 
                                                                                                                                                                                                                                                                
 
 
Assessment Score Distribution

Data Role=TRAIN Target Variable=totalsal Target Label=' '

                               Mean         Mean        Number of       Model
  Range for Predicted         Target     Predicted    Observations      Score

409839.683 -  430459.400    430459.40    430459.40          50        420149.54
286121.378 -  306741.096    298051.52    298051.52          77        296431.24
244881.943 -  265501.661    264361.27    264361.27          52        255191.80
224262.226 -  244881.943    243136.53    243136.53         113        234572.08
203642.509 -  224262.226    205348.28    205348.28          86        213952.37
183022.791 -  203642.509    191438.15    191438.15         158        193332.65
162403.074 -  183022.791    173858.50    173858.50         127        172712.93
141783.356 -  162403.074    147651.16    147651.16         230        152093.22
121163.639 -  141783.356    131232.13    131232.13         206        131473.50
100543.922 -  121163.639    109023.01    109023.01         370        110853.78
79924.204 -  100543.922      89114.31     89114.31         671         90234.06
59304.487 -  79924.204       68471.50     68471.50        1239         69614.35
38684.769 -  59304.487       46290.64     46290.64        2261         48994.63
18065.052 -  38684.769       30296.90     30296.90         976         28374.91


Data Role=VALIDATE Target Variable=totalsal Target Label=' '

                               Mean         Mean        Number of       Model
  Range for Predicted         Target     Predicted    Observations      Score

409839.683 -  430459.400    417005.79    430459.40          19        420149.54
286121.378 -  306741.096    291616.97    298051.52          32        296431.24
244881.943 -  265501.661    268468.28    264361.27          29        255191.80
224262.226 -  244881.943    245666.22    243136.53          45        234572.08
203642.509 -  224262.226    203595.42    205348.28          43        213952.37
183022.791 -  203642.509    191924.42    191452.63          69        193332.65
162403.074 -  183022.791    178678.14    173789.11          44        172712.93
141783.356 -  162403.074    145586.69    147467.44          88        152093.22
121163.639 -  141783.356    130250.71    131144.94          83        131473.50
100543.922 -  121163.639    110370.49    108290.07         168        110853.78
79924.204 -  100543.922      89189.56     89386.52         279         90234.06
59304.487 -  79924.204       68323.29     68197.31         540         69614.35
38684.769 -  59304.487       46208.29     46274.92        1003         48994.63
18065.052 -  38684.769       29228.81     29657.70         393         28374.91
