 
                                                                                                                                                                                                                                                                
 
 
Variable Summary

          Measurement    Frequency
Role         Level         Count

ID         NOMINAL           1    
INPUT      BINARY            1    
INPUT      INTERVAL          4    
INPUT      NOMINAL           6    
INPUT      ORDINAL           1    
TARGET     INTERVAL          1    
TIMEID     INTERVAL          1    
 
                                                                                                                                                                                                                                                                
 
 
Output Table Attributes

Attribute            Value

Output Table         EMWS1.Ids_DATA
Output Type          View          
Dropped Variables    0             
Data Mining Role     Raw           
 
                                                                                                                                                                                                                                                                
 
 
Input Table Attributes

Attribute                                  Value

Data Source                                genderuncsystemsalarysearch     
                                                                           
Library Name                               NEWDATA                         
Library Member Name                        GENDER_UNC_SYSTEM_SALARY_SEARCH_
Data Set Label                                                             
Special Data Set Type (From TYPE=)                                         
Observations in Data Set                   12287                           
Engine Name                                BASE                            
Create Date                                20Apr2016:20:06:49              
Last Modified Date                         20Apr2016:20:06:50              
Deleted Observations in Data Set           0                               
Use of Variable in Indexes                 NONE                            
Library Member Type                        DATA                            
Number of Indexes for Data Set             0                               
Password Protection (Read Write Alter)     ---                             
Update Flags (Protect Contribute Add)      ---                             
Compression Routine                        NO                              
Reuse Space                                NO                              
Sorted and/or Validated                    .                               
Position of Variable in Sortedby Clause    .                               
Host Character Set                                                         
Collating Sequence                                                         
Sort Option: No Duplicate Keys             NO                              
Sort Option: No Duplicate Records          NO                              
Encryption Routine                         NO                              
Point to Observations                      YES                             
Maximum Number of Generations              0                               
Generation Number                          .                               
Next Generation Number                     .                               
Character Variables Transcoded             YES                             
Variables                                  15                              
