*------------------------------------------------------------*
* Report Log
Date:                March 01, 2016
Time:                12:43:36
*------------------------------------------------------------*
11467  *------------------------------------------------------------*;
11468  * Part: Computing statistics for class target variables;
11469  *------------------------------------------------------------*;
11470  ods listing close;
11471  ods output onewayfreqs=WORK.TEMPFREQ;
11472  proc freq data = EMWS1.Ids_DATA order=formatted addnames;
11473  table RESPOND / missing;
11474  run;

NOTE: View EMWS1.IDS_DATA.VIEW used (Total process time):
      real time           0.04 seconds
      cpu time            0.04 seconds
      
NOTE: There were 41188 observations read from the data set MYDATA.PORTUGUESEBANKALL.
NOTE: The data set WORK.TEMPFREQ has 2 observations and 8 variables.
NOTE: There were 41188 observations read from the data set EMWS1.IDS_DATA.
NOTE: PROCEDURE FREQ used (Total process time):
      real time           0.05 seconds
      cpu time            0.04 seconds
      

11475  quit;
11476  ods listing;
11477  data WORK.Part_BAR(keep=_VARIABLE_ TYPE COUNT PERCENT _X_ _XLABEL_);
11478  label _VARIABLE_ = "%sysfunc(sasmsg(sashelp.dmine, rpt_variable_vlabel, NOQUOTE))" Type = "%sysfunc(sasmsg(sashelp.dmine, rpt_type_vlabel,         NOQUOTE))" _X_ = "%sysfunc(sasmsg(sashelp.dmine, rpt_numValue_vlabel, NOQUOTE))" _XLABEL_ =
11479     "%sysfunc(sasmsg(sashelp.dmine, rpt_fmtValue_vlabel ,    NOQUOTE))" COUNT = "%sysfunc(sasmsg(sashelp.dmine, rpt_count_vlabel,        NOQUOTE))" PERCENT = "%sysfunc(sasmsg(sashelp.dmine, rpt_percent_vlabel,      NOQUOTE))";
11480  dsid = open("WORK.TEMPFREQ");
11481  varnum = varnum(dsid, 'VARIABLE');
11482  freqnum = varnum(dsid, 'FREQUENCY');
11483  pvarnum = varnum(dsid, 'PERCENT');
11484  typenum = varnum(dsid, '_TYPE_');
11485  length _VARIABLE_ $32 TYPE $1 _XLABEL_ $32;
11486  do while(^fetch(dsid));
11487  _VARIABLE_ = strip(getvarc(dsid, varnum));
11488  count = getvarn(dsid, freqnum);
11489  percent= getvarn(dsid, pvarnum);
11490  vvarnum = varnum(dsid, _VARIABLE_);
11491  type = vartype(dsid, vvarnum);
11492  fvarnum = varnum(dsid, 'F_'!!substr(_VARIABLE_, 1, 30));
11493  _XLABEL_ = left(getvarc(dsid, fvarnum));
11494  _X_ = .;
11495  if TYPE eq 'N' then _X_ = getvarn(dsid, vvarnum);
11496  output;
11497  end;
11498  dsid = close(dsid);
11499  run;

NOTE: The data set WORK.PART_BAR has 2 observations and 6 variables.
NOTE: DATA statement used (Total process time):
      real time           0.01 seconds
      cpu time            0.01 seconds
      

11500  proc sort data=WORK.Part_BAR NOTHREADS;
11501  by _VARIABLE_;
11502  run;

NOTE: There were 2 observations read from the data set WORK.PART_BAR.
NOTE: The data set WORK.PART_BAR has 2 observations and 6 variables.
NOTE: PROCEDURE SORT used (Total process time):
      real time           0.03 seconds
      cpu time            0.00 seconds
      

11503  proc sort data=WORK.M0IAO69J;
11504  by Name;
11505  run;

NOTE: There were 1 observations read from the data set WORK.M0IAO69J.
NOTE: The data set WORK.M0IAO69J has 1 observations and 21 variables.
NOTE: PROCEDURE SORT used (Total process time):
      real time           0.00 seconds
      cpu time            0.00 seconds
      

11506  data WORK.Part_BAR;
11507  merge WORK.Part_BAR(in=_a) WORK.M0IAO69J(keep=Name Label Role rename=(Name=_Variable_ Label=_Label_));
11508  by _Variable_;
11509  label Role = "%sysfunc(sasmsg(sashelp.dmine, meta_role_vlabel ,  NOQUOTE))";
11510  label Label = "%sysfunc(sasmsg(sashelp.dmine, meta_label_vlabel , NOQUOTE))";
11511  if _a then output;
11512  run;

NOTE: Variable Label is uninitialized.
WARNING: Multiple lengths were specified for the BY variable _VARIABLE_ by input data sets. This might cause unexpected results.
NOTE: There were 2 observations read from the data set WORK.PART_BAR.
NOTE: There were 1 observations read from the data set WORK.M0IAO69J.
NOTE: The data set WORK.PART_BAR has 2 observations and 8 variables.
NOTE: DATA statement used (Total process time):
      real time           0.01 seconds
      cpu time            0.01 seconds
      

11513  data EMWS1.Part_CLASS;
11514  length DATA $8;
11515  set WORK.Part_BAR;
11516  DATA = "DATA";
11517  run;

NOTE: There were 2 observations read from the data set WORK.PART_BAR.
NOTE: The data set EMWS1.PART_CLASS has 2 observations and 9 variables.
NOTE: DATA statement used (Total process time):
      real time           0.01 seconds
      cpu time            0.01 seconds
      

11518  *------------------------------------------------------------*;
11519  * Part: Computing statistics for interval target variables;
11520  *------------------------------------------------------------*;
11521  *------------------------------------------------------------*;
11522  * Part: Computing statistics for class target variables;
11523  *------------------------------------------------------------*;
11524  ods listing close;
11525  ods output onewayfreqs=WORK.TEMPFREQ;
11526  proc freq data = EMWS1.Part_TRAIN order=formatted addnames;
11527  table RESPOND / missing;
11528  run;

NOTE: The data set WORK.TEMPFREQ has 2 observations and 8 variables.
NOTE: There were 16474 observations read from the data set EMWS1.PART_TRAIN.
NOTE: PROCEDURE FREQ used (Total process time):
      real time           0.00 seconds
      cpu time            0.00 seconds
      

11529  quit;
11530  ods listing;
11531  data WORK.Part_BAR(keep=_VARIABLE_ TYPE COUNT PERCENT _X_ _XLABEL_);
11532  label _VARIABLE_ = "%sysfunc(sasmsg(sashelp.dmine, rpt_variable_vlabel, NOQUOTE))" Type = "%sysfunc(sasmsg(sashelp.dmine, rpt_type_vlabel,         NOQUOTE))" _X_ = "%sysfunc(sasmsg(sashelp.dmine, rpt_numValue_vlabel, NOQUOTE))" _XLABEL_ =
11533     "%sysfunc(sasmsg(sashelp.dmine, rpt_fmtValue_vlabel ,    NOQUOTE))" COUNT = "%sysfunc(sasmsg(sashelp.dmine, rpt_count_vlabel,        NOQUOTE))" PERCENT = "%sysfunc(sasmsg(sashelp.dmine, rpt_percent_vlabel,      NOQUOTE))";
11534  dsid = open("WORK.TEMPFREQ");
11535  varnum = varnum(dsid, 'VARIABLE');
11536  freqnum = varnum(dsid, 'FREQUENCY');
11537  pvarnum = varnum(dsid, 'PERCENT');
11538  typenum = varnum(dsid, '_TYPE_');
11539  length _VARIABLE_ $32 TYPE $1 _XLABEL_ $32;
11540  do while(^fetch(dsid));
11541  _VARIABLE_ = strip(getvarc(dsid, varnum));
11542  count = getvarn(dsid, freqnum);
11543  percent= getvarn(dsid, pvarnum);
11544  vvarnum = varnum(dsid, _VARIABLE_);
11545  type = vartype(dsid, vvarnum);
11546  fvarnum = varnum(dsid, 'F_'!!substr(_VARIABLE_, 1, 30));
11547  _XLABEL_ = left(getvarc(dsid, fvarnum));
11548  _X_ = .;
11549  if TYPE eq 'N' then _X_ = getvarn(dsid, vvarnum);
11550  output;
11551  end;
11552  dsid = close(dsid);
11553  run;

NOTE: The data set WORK.PART_BAR has 2 observations and 6 variables.
NOTE: DATA statement used (Total process time):
      real time           0.01 seconds
      cpu time            0.01 seconds
      

11554  proc sort data=WORK.Part_BAR NOTHREADS;
11555  by _VARIABLE_;
11556  run;

NOTE: There were 2 observations read from the data set WORK.PART_BAR.
NOTE: The data set WORK.PART_BAR has 2 observations and 6 variables.
NOTE: PROCEDURE SORT used (Total process time):
      real time           0.00 seconds
      cpu time            0.00 seconds
      

11557  proc sort data=WORK.M0IAO69J;
11558  by Name;
11559  run;

NOTE: Input data set is already sorted, no sorting done.
NOTE: PROCEDURE SORT used (Total process time):
      real time           0.00 seconds
      cpu time            0.00 seconds
      

11560  data WORK.Part_BAR;
11561  merge WORK.Part_BAR(in=_a) WORK.M0IAO69J(keep=Name Label Role rename=(Name=_Variable_ Label=_Label_));
11562  by _Variable_;
11563  label Role = "%sysfunc(sasmsg(sashelp.dmine, meta_role_vlabel ,  NOQUOTE))";
11564  label Label = "%sysfunc(sasmsg(sashelp.dmine, meta_label_vlabel , NOQUOTE))";
11565  if _a then output;
11566  run;

NOTE: Variable Label is uninitialized.
WARNING: Multiple lengths were specified for the BY variable _VARIABLE_ by input data sets. This might cause unexpected results.
NOTE: There were 2 observations read from the data set WORK.PART_BAR.
NOTE: There were 1 observations read from the data set WORK.M0IAO69J.
NOTE: The data set WORK.PART_BAR has 2 observations and 8 variables.
NOTE: DATA statement used (Total process time):
      real time           0.00 seconds
      cpu time            0.00 seconds
      

11567  data WORK.Part_BAR;
11568  length DATA $8;
11569  set WORK.Part_BAR;
11570  DATA = "TRAIN";
11571  run;

NOTE: There were 2 observations read from the data set WORK.PART_BAR.
NOTE: The data set WORK.PART_BAR has 2 observations and 9 variables.
NOTE: DATA statement used (Total process time):
      real time           0.01 seconds
      cpu time            0.01 seconds
      

11572  data EMWS1.Part_CLASS;
11573  set EMWS1.Part_CLASS WORK.Part_BAR;
11574  run;

NOTE: There were 2 observations read from the data set EMWS1.PART_CLASS.
NOTE: There were 2 observations read from the data set WORK.PART_BAR.
NOTE: The data set EMWS1.PART_CLASS has 4 observations and 9 variables.
NOTE: DATA statement used (Total process time):
      real time           0.00 seconds
      cpu time            0.00 seconds
      

11575  *------------------------------------------------------------*;
11576  * Part: Computing statistics for interval target variables;
11577  *------------------------------------------------------------*;
11578  *------------------------------------------------------------*;
11579  * Part: Computing statistics for class target variables;
11580  *------------------------------------------------------------*;
11581  ods listing close;
11582  ods output onewayfreqs=WORK.TEMPFREQ;
11583  proc freq data = EMWS1.Part_VALIDATE order=formatted addnames;
11584  table RESPOND / missing;
11585  run;

NOTE: The data set WORK.TEMPFREQ has 2 observations and 8 variables.
NOTE: There were 12356 observations read from the data set EMWS1.PART_VALIDATE.
NOTE: PROCEDURE FREQ used (Total process time):
      real time           0.01 seconds
      cpu time            0.01 seconds
      

11586  quit;
11587  ods listing;
11588  data WORK.Part_BAR(keep=_VARIABLE_ TYPE COUNT PERCENT _X_ _XLABEL_);
11589  label _VARIABLE_ = "%sysfunc(sasmsg(sashelp.dmine, rpt_variable_vlabel, NOQUOTE))" Type = "%sysfunc(sasmsg(sashelp.dmine, rpt_type_vlabel,         NOQUOTE))" _X_ = "%sysfunc(sasmsg(sashelp.dmine, rpt_numValue_vlabel, NOQUOTE))" _XLABEL_ =
11590     "%sysfunc(sasmsg(sashelp.dmine, rpt_fmtValue_vlabel ,    NOQUOTE))" COUNT = "%sysfunc(sasmsg(sashelp.dmine, rpt_count_vlabel,        NOQUOTE))" PERCENT = "%sysfunc(sasmsg(sashelp.dmine, rpt_percent_vlabel,      NOQUOTE))";
11591  dsid = open("WORK.TEMPFREQ");
11592  varnum = varnum(dsid, 'VARIABLE');
11593  freqnum = varnum(dsid, 'FREQUENCY');
11594  pvarnum = varnum(dsid, 'PERCENT');
11595  typenum = varnum(dsid, '_TYPE_');
11596  length _VARIABLE_ $32 TYPE $1 _XLABEL_ $32;
11597  do while(^fetch(dsid));
11598  _VARIABLE_ = strip(getvarc(dsid, varnum));
11599  count = getvarn(dsid, freqnum);
11600  percent= getvarn(dsid, pvarnum);
11601  vvarnum = varnum(dsid, _VARIABLE_);
11602  type = vartype(dsid, vvarnum);
11603  fvarnum = varnum(dsid, 'F_'!!substr(_VARIABLE_, 1, 30));
11604  _XLABEL_ = left(getvarc(dsid, fvarnum));
11605  _X_ = .;
11606  if TYPE eq 'N' then _X_ = getvarn(dsid, vvarnum);
11607  output;
11608  end;
11609  dsid = close(dsid);
11610  run;

NOTE: The data set WORK.PART_BAR has 2 observations and 6 variables.
NOTE: DATA statement used (Total process time):
      real time           0.00 seconds
      cpu time            0.00 seconds
      

11611  proc sort data=WORK.Part_BAR NOTHREADS;
11612  by _VARIABLE_;
11613  run;

NOTE: There were 2 observations read from the data set WORK.PART_BAR.
NOTE: The data set WORK.PART_BAR has 2 observations and 6 variables.
NOTE: PROCEDURE SORT used (Total process time):
      real time           0.00 seconds
      cpu time            0.00 seconds
      

11614  proc sort data=WORK.M0IAO69J;
11615  by Name;
11616  run;

NOTE: Input data set is already sorted, no sorting done.
NOTE: PROCEDURE SORT used (Total process time):
      real time           0.00 seconds
      cpu time            0.00 seconds
      

11617  data WORK.Part_BAR;
11618  merge WORK.Part_BAR(in=_a) WORK.M0IAO69J(keep=Name Label Role rename=(Name=_Variable_ Label=_Label_));
11619  by _Variable_;
11620  label Role = "%sysfunc(sasmsg(sashelp.dmine, meta_role_vlabel ,  NOQUOTE))";
11621  label Label = "%sysfunc(sasmsg(sashelp.dmine, meta_label_vlabel , NOQUOTE))";
11622  if _a then output;
11623  run;

NOTE: Variable Label is uninitialized.
WARNING: Multiple lengths were specified for the BY variable _VARIABLE_ by input data sets. This might cause unexpected results.
NOTE: There were 2 observations read from the data set WORK.PART_BAR.
NOTE: There were 1 observations read from the data set WORK.M0IAO69J.
NOTE: The data set WORK.PART_BAR has 2 observations and 8 variables.
NOTE: DATA statement used (Total process time):
      real time           0.01 seconds
      cpu time            0.01 seconds
      

11624  data WORK.Part_BAR;
11625  length DATA $8;
11626  set WORK.Part_BAR;
11627  DATA = "VALIDATE";
11628  run;

NOTE: There were 2 observations read from the data set WORK.PART_BAR.
NOTE: The data set WORK.PART_BAR has 2 observations and 9 variables.
NOTE: DATA statement used (Total process time):
      real time           0.00 seconds
      cpu time            0.00 seconds
      

11629  data EMWS1.Part_CLASS;
11630  set EMWS1.Part_CLASS WORK.Part_BAR;
11631  run;

NOTE: There were 4 observations read from the data set EMWS1.PART_CLASS.
NOTE: There were 2 observations read from the data set WORK.PART_BAR.
NOTE: The data set EMWS1.PART_CLASS has 6 observations and 9 variables.
NOTE: DATA statement used (Total process time):
      real time           0.01 seconds
      cpu time            0.01 seconds
      

11632  *------------------------------------------------------------*;
11633  * Part: Computing statistics for interval target variables;
11634  *------------------------------------------------------------*;
11635  *------------------------------------------------------------*;
11636  * Part: Computing statistics for class target variables;
11637  *------------------------------------------------------------*;
11638  ods listing close;
11639  ods output onewayfreqs=WORK.TEMPFREQ;
11640  proc freq data = EMWS1.Part_TEST order=formatted addnames;
11641  table RESPOND / missing;
11642  run;

NOTE: The data set WORK.TEMPFREQ has 2 observations and 8 variables.
NOTE: There were 12358 observations read from the data set EMWS1.PART_TEST.
NOTE: PROCEDURE FREQ used (Total process time):
      real time           0.00 seconds
      cpu time            0.00 seconds
      

11643  quit;
11644  ods listing;
11645  data WORK.Part_BAR(keep=_VARIABLE_ TYPE COUNT PERCENT _X_ _XLABEL_);
11646  label _VARIABLE_ = "%sysfunc(sasmsg(sashelp.dmine, rpt_variable_vlabel, NOQUOTE))" Type = "%sysfunc(sasmsg(sashelp.dmine, rpt_type_vlabel,         NOQUOTE))" _X_ = "%sysfunc(sasmsg(sashelp.dmine, rpt_numValue_vlabel, NOQUOTE))" _XLABEL_ =
11647     "%sysfunc(sasmsg(sashelp.dmine, rpt_fmtValue_vlabel ,    NOQUOTE))" COUNT = "%sysfunc(sasmsg(sashelp.dmine, rpt_count_vlabel,        NOQUOTE))" PERCENT = "%sysfunc(sasmsg(sashelp.dmine, rpt_percent_vlabel,      NOQUOTE))";
11648  dsid = open("WORK.TEMPFREQ");
11649  varnum = varnum(dsid, 'VARIABLE');
11650  freqnum = varnum(dsid, 'FREQUENCY');
11651  pvarnum = varnum(dsid, 'PERCENT');
11652  typenum = varnum(dsid, '_TYPE_');
11653  length _VARIABLE_ $32 TYPE $1 _XLABEL_ $32;
11654  do while(^fetch(dsid));
11655  _VARIABLE_ = strip(getvarc(dsid, varnum));
11656  count = getvarn(dsid, freqnum);
11657  percent= getvarn(dsid, pvarnum);
11658  vvarnum = varnum(dsid, _VARIABLE_);
11659  type = vartype(dsid, vvarnum);
11660  fvarnum = varnum(dsid, 'F_'!!substr(_VARIABLE_, 1, 30));
11661  _XLABEL_ = left(getvarc(dsid, fvarnum));
11662  _X_ = .;
11663  if TYPE eq 'N' then _X_ = getvarn(dsid, vvarnum);
11664  output;
11665  end;
11666  dsid = close(dsid);
11667  run;

NOTE: The data set WORK.PART_BAR has 2 observations and 6 variables.
NOTE: DATA statement used (Total process time):
      real time           0.01 seconds
      cpu time            0.01 seconds
      

11668  proc sort data=WORK.Part_BAR NOTHREADS;
11669  by _VARIABLE_;
11670  run;

NOTE: There were 2 observations read from the data set WORK.PART_BAR.
NOTE: The data set WORK.PART_BAR has 2 observations and 6 variables.
NOTE: PROCEDURE SORT used (Total process time):
      real time           0.00 seconds
      cpu time            0.00 seconds
      

11671  proc sort data=WORK.M0IAO69J;
11672  by Name;
11673  run;

NOTE: Input data set is already sorted, no sorting done.
NOTE: PROCEDURE SORT used (Total process time):
      real time           0.00 seconds
      cpu time            0.00 seconds
      

11674  data WORK.Part_BAR;
11675  merge WORK.Part_BAR(in=_a) WORK.M0IAO69J(keep=Name Label Role rename=(Name=_Variable_ Label=_Label_));
11676  by _Variable_;
11677  label Role = "%sysfunc(sasmsg(sashelp.dmine, meta_role_vlabel ,  NOQUOTE))";
11678  label Label = "%sysfunc(sasmsg(sashelp.dmine, meta_label_vlabel , NOQUOTE))";
11679  if _a then output;
11680  run;

NOTE: Variable Label is uninitialized.
WARNING: Multiple lengths were specified for the BY variable _VARIABLE_ by input data sets. This might cause unexpected results.
NOTE: There were 2 observations read from the data set WORK.PART_BAR.
NOTE: There were 1 observations read from the data set WORK.M0IAO69J.
NOTE: The data set WORK.PART_BAR has 2 observations and 8 variables.
NOTE: DATA statement used (Total process time):
      real time           0.01 seconds
      cpu time            0.01 seconds
      

11681  data WORK.Part_BAR;
11682  length DATA $8;
11683  set WORK.Part_BAR;
11684  DATA = "TEST";
11685  run;

NOTE: There were 2 observations read from the data set WORK.PART_BAR.
NOTE: The data set WORK.PART_BAR has 2 observations and 9 variables.
NOTE: DATA statement used (Total process time):
      real time           0.00 seconds
      cpu time            0.00 seconds
      

11686  data EMWS1.Part_CLASS;
11687  set EMWS1.Part_CLASS WORK.Part_BAR;
11688  run;

NOTE: There were 6 observations read from the data set EMWS1.PART_CLASS.
NOTE: There were 2 observations read from the data set WORK.PART_BAR.
NOTE: The data set EMWS1.PART_CLASS has 8 observations and 9 variables.
NOTE: DATA statement used (Total process time):
      real time           0.00 seconds
      cpu time            0.00 seconds
      

11689  *------------------------------------------------------------*;
11690  * Part: Computing statistics for interval target variables;
11691  *------------------------------------------------------------*;
11692  data EMWS1.Part_CLASS(rename=(_VARIABLE_=VARIABLE _X_=VALUE _XLABEL_=FORMATTEDVALUE));
11693  label DATA = "%sysfunc(sasmsg(sashelp.dmine, rpt_data_vlabel ,   NOQUOTE))";
11694  set EMWS1.Part_CLASS;
11695  drop type role;
11696  run;

NOTE: There were 8 observations read from the data set EMWS1.PART_CLASS.
NOTE: The data set EMWS1.PART_CLASS has 8 observations and 7 variables.
NOTE: DATA statement used (Total process time):
      real time           0.01 seconds
      cpu time            0.01 seconds
      

11697  proc sort data=EMWS1.Part_CLASS NOTHREADS;
11698  by DATA;
11699  run;

NOTE: There were 8 observations read from the data set EMWS1.PART_CLASS.
NOTE: The data set EMWS1.PART_CLASS has 8 observations and 7 variables.
NOTE: PROCEDURE SORT used (Total process time):
      real time           0.01 seconds
      cpu time            0.01 seconds
      

11700  %let _cn = %sysfunc(getoption(CENTER));
11701  %let _nb = %sysfunc(getoption(NUMBER));
11702  options nonumber nocenter;
11703  proc print data=EMWS1.Part_CLASS noobs label;
11704  by DATA;
11705  title9 ' ';
11706  title10 "%sysfunc(sasmsg(sashelp.dmine, rpt_classTargetStats_title, NOQUOTE))";
11707  run;

NOTE: There were 8 observations read from the data set EMWS1.PART_CLASS.
NOTE: The PROCEDURE PRINT printed page 3.
NOTE: PROCEDURE PRINT used (Total process time):
      real time           0.01 seconds
      cpu time            0.01 seconds
      

11708  title10;
11709  options &_cn &_nb;

