 
                                                                                                                                                                                                                                                                
 
 
Summary Statistics for Class Targets

Data=DATA

            Numeric    Formatted    Frequency
Variable     Value       Value        Count      Percent     Label

RESPOND        .          no          36548      88.7346    RESPOND
RESPOND        .          yes          4640      11.2654    RESPOND


Data=TEST

            Numeric    Formatted    Frequency
Variable     Value       Value        Count      Percent     Label

RESPOND        .          no          10966      88.7360    RESPOND
RESPOND        .          yes          1392      11.2640    RESPOND


Data=TRAIN

            Numeric    Formatted    Frequency
Variable     Value       Value        Count      Percent     Label

RESPOND        .          no          14618      88.7338    RESPOND
RESPOND        .          yes          1856      11.2662    RESPOND


Data=VALIDATE

            Numeric    Formatted    Frequency
Variable     Value       Value        Count      Percent     Label

RESPOND        .          no          10964      88.7342    RESPOND
RESPOND        .          yes          1392      11.2658    RESPOND
