*------------------------------------------------------------*
* Training Log
Date:                April 21, 2016
Time:                05:41:36
*------------------------------------------------------------*
10866  proc freq data=EMWS1.Part_VariableSet noprint;
10867  table ROLE*LEVEL/out=WORK.PartMETA;
10868  run;

NOTE: There were 15 observations read from the data set EMWS1.PART_VARIABLESET.
NOTE: The data set WORK.PARTMETA has 7 observations and 4 variables.
NOTE: PROCEDURE FREQ used (Total process time):
      real time           0.01 seconds
      cpu time            0.01 seconds
      

10869  proc print data=WORK.PartMETA label noobs;
10870  var ROLE LEVEL COUNT;
10871  label ROLE = "%sysfunc(sasmsg(sashelp.dmine, meta_role_vlabel, NOQUOTE))" LEVEL = "%sysfunc(sasmsg(sashelp.dmine, meta_level_vlabel, NOQUOTE))" COUNT = "%sysfunc(sasmsg(sashelp.dmine, rpt_count_vlabel, NOQUOTE))";
10872  title9 ' ';
10873  title10 "%sysfunc(sasmsg(sashelp.dmine, rpt_varSummary_title  , NOQUOTE))";
10874  run;

NOTE: There were 7 observations read from the data set WORK.PARTMETA.
NOTE: The PROCEDURE PRINT printed page 1.
NOTE: PROCEDURE PRINT used (Total process time):
      real time           0.00 seconds
      cpu time            0.01 seconds
      

10875  title10;

10883  *------------------------------------------------------------*;
10884  * Part: Determine number of observations;
10885  *------------------------------------------------------------*;
10886  proc sql;
10887  reset noprint;
10888  select count(*) into :_tmpa from EMWS1.Impt_TRAIN
10889  ;
NOTE: Data file NEWDATA.GENDER_UNC_SYSTEM_SALARY_SEARCH_.DATA is in a format that is native to another host, or the file encoding does not match the session encoding. Cross Environment Data Access will be used, which might require additional CPU resources 
      and might reduce performance.
NOTE: There were 12287 observations read from the data set NEWDATA.GENDER_UNC_SYSTEM_SALARY_SEARCH_.
NOTE: View EMWS1.IMPT_TRAIN.VIEW used (Total process time):
      real time           0.08 seconds
      cpu time            0.09 seconds
      
NOTE: There were 12287 observations read from the data set EMWS1.IDS_DATA.
10890  quit;
NOTE: PROCEDURE SQL used (Total process time):
      real time           0.09 seconds
      cpu time            0.09 seconds
      

trainPct=53.8461538461538 validatePct=23.076923076923 testPct=23.076923076923 
10891  *------------------------------------------------------------*;
10892  * Part: Create random partition;
10893  *------------------------------------------------------------*;
10894  data
10895  EMWS1.Part_TRAIN(label="")
10896  EMWS1.Part_VALIDATE(label="")
10897  EMWS1.Part_TEST(label="")
10898  ;
10899  retain _seed_ 12345;
10900  drop _seed_ _genvalue_;
10901  call ranuni(_seed_, _genvalue_);
10902  label _dataobs_ = "%sysfunc(sasmsg(sashelp.dmine, sample_dataobs_vlabel, NOQUOTE))";
10903  _dataobs_ = _N_;
10904  drop _c00:;
10905  set EMWS1.Impt_TRAIN;
NOTE: Data file NEWDATA.GENDER_UNC_SYSTEM_SALARY_SEARCH_.DATA is in a format that is native to another host, or the file encoding does not match the session encoding. Cross Environment Data Access will be used, which might require additional CPU resources 
      and might reduce performance.
10906  if (12287+1-_n_)*_genvalue_ <= (6616 - _C000001) then do;
10907  _C000001 + 1;
10908  output EMWS1.Part_TRAIN;
10909  end;
10910  else if (12287+1-_n_)*_genvalue_ <= (6616 - _C000001 + 2835 - _C000002) then do;
10911  _C000002 + 1;
10912  output EMWS1.Part_VALIDATE;
10913  end;
10914  else do;
10915  _C000003 + 1;
10916  output EMWS1.Part_TEST;
10917  end;
10918  run;

NOTE: There were 12287 observations read from the data set NEWDATA.GENDER_UNC_SYSTEM_SALARY_SEARCH_.
NOTE: View EMWS1.IMPT_TRAIN.VIEW used (Total process time):
      real time           0.11 seconds
      cpu time            0.10 seconds
      
NOTE: There were 12287 observations read from the data set EMWS1.IDS_DATA.
NOTE: There were 12287 observations read from the data set EMWS1.IMPT_TRAIN.
NOTE: The data set EMWS1.PART_TRAIN has 6616 observations and 16 variables.
NOTE: The data set EMWS1.PART_VALIDATE has 2835 observations and 16 variables.
NOTE: The data set EMWS1.PART_TEST has 2836 observations and 16 variables.
NOTE: DATA statement used (Total process time):
      real time           0.14 seconds
      cpu time            0.12 seconds
      

10919  run;

10920  data _tempNobs;
10921  length Type $8 Table $32 Nobs 8;
10922  label type= "%sysfunc(sasmsg(sashelp.dmine, meta_type_vlabel,    NOQUOTE))" table = "%sysfunc(sasmsg(sashelp.dmine, meta_dataset_vlabel, NOQUOTE))" nobs = "%sysfunc(sasmsg(sashelp.dmine,  rpt_numObs_vlabel,   NOQUOTE))";
10923  type='DATA';
10924  table="EMWS1.Impt_TRAIN";
10925  Nobs=12287;
10926  output;
10927  type='TRAIN';
10928  table="EMWS1.Part_TRAIN";
10929  Nobs=6616;
10930  output;
10931  type='VALIDATE';
10932  table="EMWS1.Part_VALIDATE";
10933  Nobs=2835;
10934  output;
10935  type='TEST';
10936  table="EMWS1.Part_TEST";
10937  Nobs=2836;
10938  output;
10939  run;

NOTE: The data set WORK._TEMPNOBS has 4 observations and 3 variables.
NOTE: DATA statement used (Total process time):
      real time           0.01 seconds
      cpu time            0.01 seconds
      

10940  %let _cn = %sysfunc(getoption(CENTER));
10941  %let _nb = %sysfunc(getoption(NUMBER));
10942  options nonumber nocenter;
10943  proc print data=_tempNobs noobs label;
10944  title9 ' ';
10945  title10 "%sysfunc(sasmsg(sashelp.dmine, rpt_partitionSummary_title, NOQUOTE))";
10946  run;

NOTE: There were 4 observations read from the data set WORK._TEMPNOBS.
NOTE: The PROCEDURE PRINT printed page 2.
NOTE: PROCEDURE PRINT used (Total process time):
      real time           0.00 seconds
      cpu time            0.01 seconds
      

10947  title10;
10948  options &_cn &_nb;
10949  run;

