 
                                                                                               
 
 
Fit Statistics

Target=RESPOND Target Label=RESPOND

   Fit
Statistics    Statistics Label                     Train    Validation        Test

 _AIC_        Akaike's Information Criterion     6868.81          .            .  
 _ASE_        Average Squared Error                 0.06         0.06         0.06
 _AVERR_      Average Error Function                0.21         0.21         0.21
 _DFE_        Degrees of Freedom for Error      16422.00          .            .  
 _DFM_        Model Degrees of Freedom             52.00          .            .  
 _DFT_        Total Degrees of Freedom          16474.00          .            .  
 _DIV_        Divisor for ASE                   32948.00     24712.00     24716.00
 _ERR_        Error Function                     6764.81      5268.55      5180.39
 _FPE_        Final Prediction Error                0.06          .            .  
 _MAX_        Maximum Absolute Error                1.00         1.00         1.00
 _MSE_        Mean Square Error                     0.06         0.06         0.06
 _NOBS_       Sum of Frequencies                16474.00     12356.00     12358.00
 _NW_         Number of Estimate Weights           52.00          .            .  
 _RASE_       Root Average Sum of Squares           0.25         0.25         0.25
 _RFPE_       Root Final Prediction Error           0.25          .            .  
 _RMSE_       Root Mean Squared Error               0.25         0.25         0.25
 _SBC_        Schwarz's Bayesian Criterion       7269.71          .            .  
 _SSE_        Sum of Squared Errors              2041.77      1590.26      1556.50
 _SUMW_       Sum of Case Weights Times Freq    32948.00     24712.00     24716.00
 _MISC_       Misclassification Rate                0.09         0.09         0.09
 
                                                                                               
 
 
Classification Table

Data Role=TRAIN Target Variable=RESPOND Target Label=RESPOND

                       Target        Outcome     Frequency       Total
Target    Outcome    Percentage    Percentage      Count      Percentage

 NO         NO         93.0919       97.2568       14217        86.2996 
 YES        NO          6.9081       56.8427        1055         6.4040 
 NO         YES        33.3611        2.7432         401         2.4341 
 YES        YES        66.6389       43.1573         801         4.8622 


Data Role=VALIDATE Target Variable=RESPOND Target Label=RESPOND

                       Target        Outcome     Frequency       Total
Target    Outcome    Percentage    Percentage      Count      Percentage

 NO         NO         92.7120       97.3459       10673        86.3791 
 YES        NO          7.2880       60.2730         839         6.7902 
 NO         YES        34.4787        2.6541         291         2.3551 
 YES        YES        65.5213       39.7270         553         4.4756 
 
                                                                                               
 
 
Event Classification Table

Data Role=TRAIN Target=RESPOND Target Label=RESPOND

  False       True        False       True
Negative    Negative    Positive    Positive

  1055        14217        401         801  


Data Role=VALIDATE Target=RESPOND Target Label=RESPOND

  False       True        False       True
Negative    Negative    Positive    Positive

   839        10673        291         553  
 
                                                                                               
 
 
Assessment Score Rankings

Data Role=TRAIN Target Variable=RESPOND Target Label=RESPOND

                                                                                    Mean
                            Cumulative       %      Cumulative     Number of     Posterior
Depth      Gain     Lift       Lift      Response   % Response   Observations   Probability

   5    526.927   6.26927     6.26927     70.6311     70.6311         824         0.81288  
  10    452.600   4.78274     5.52600     53.8835     62.2573         824         0.49186  
  15    389.405   3.63014     4.89405     40.8981     55.1375         824         0.29395  
  20    317.809   2.02759     4.17809     22.8433     47.0713         823         0.18695  
  25    265.688   1.57270     3.65688     17.7184     41.1993         824         0.12052  
  30    217.477   0.76481     3.17477      8.6165     35.7678         824         0.07831  
  35    178.628   0.45297     2.78628      5.1033     31.3909         823         0.05434  
  40    146.483   0.21544     2.46483      2.4272     27.7693         824         0.04003  
  45    120.286   0.10772     2.20286      1.2136     24.8179         824         0.03125  
  50     98.707   0.04314     1.98707      0.4860     22.3868         823         0.02491  
  55     80.833   0.02154     1.80833      0.2427     20.3730         824         0.02072  
  60     66.208   0.05386     1.66208      0.6068     18.7253         824         0.01782  
  65     53.502   0.01077     1.53502      0.1214     17.2939         824         0.01555  
  70     42.547   0.00000     1.42547      0.0000     16.0597         823         0.01358  
  75     33.041   0.00000     1.33041      0.0000     14.9887         824         0.01195  
  80     24.790   0.01077     1.24790      0.1214     14.0592         824         0.01056  
  85     17.519   0.01079     1.17519      0.1215     13.2400         823         0.00921  
  90     10.988   0.00000     1.10988      0.0000     12.5042         824         0.00793  
  95      5.258   0.02154     1.05258      0.2427     11.8587         824         0.00654  
 100      0.000   0.00000     1.00000      0.0000     11.2662         823         0.00460  


Data Role=VALIDATE Target Variable=RESPOND Target Label=RESPOND

                                                                                    Mean
                            Cumulative       %      Cumulative     Number of     Posterior
Depth      Gain     Lift       Lift      Response   % Response   Observations   Probability

   5    503.253   6.03253     6.03253     67.9612     67.9612         618         0.80393  
  10    440.773   4.78293     5.40773     53.8835     60.9223         618         0.47442  
  15    376.857   3.49025     4.76857     39.3204     53.7217         618         0.27993  
  20    310.787   2.12575     4.10787     23.9482     46.2783         618         0.16959  
  25    260.345   1.58251     3.60345     17.8282     40.5957         617         0.10937  
  30    215.596   0.91924     3.15596     10.3560     35.5544         618         0.07211  
  35    177.273   0.47398     2.77273      5.3398     31.2370         618         0.05031  
  40    146.199   0.28726     2.46199      3.2362     27.7362         618         0.03759  
  45    120.115   0.11491     2.20115      1.2945     24.7977         618         0.02932  
  50     98.276   0.01439     1.98276      0.1621     22.3373         617         0.02386  
  55     80.507   0.02873     1.80507      0.3236     20.3355         618         0.02017  
  60     65.580   0.01436     1.65580      0.1618     18.6539         618         0.01740  
  65     52.951   0.01436     1.52951      0.1618     17.2311         618         0.01519  
  70     42.228   0.02873     1.42228      0.3236     16.0231         618         0.01335  
  75     32.854   0.01439     1.32854      0.1621     14.9671         617         0.01179  
  80     24.638   0.01436     1.24638      0.1618     14.0415         618         0.01042  
  85     17.305   0.00000     1.17305      0.0000     13.2153         618         0.00917  
  90     10.945   0.02873     1.10945      0.3236     12.4989         618         0.00791  
  95      5.180   0.01436     1.05180      0.1618     11.8494         618         0.00646  
 100      0.000   0.01439     1.00000      0.1621     11.2658         617         0.00451  
 
                                                                                               
 
 
Assessment Score Distribution

Data Role=TRAIN Target Variable=RESPOND Target Label=RESPOND

 Posterior     Number                     Mean
Probability      of      Number of     Posterior
   Range       Events    Nonevents    Probability    Percentage

 0.95-1.00        88          35        0.97951         0.7466 
 0.90-0.95        71          18        0.92437         0.5402 
 0.85-0.90        71          30        0.87429         0.6131 
 0.80-0.85        81          35        0.82710         0.7041 
 0.75-0.80        86          28        0.77450         0.6920 
 0.70-0.75        85          39        0.72420         0.7527 
 0.65-0.70        78          42        0.67450         0.7284 
 0.60-0.65        79          49        0.62409         0.7770 
 0.55-0.60        82          65        0.57395         0.8923 
 0.50-0.55        80          60        0.52516         0.8498 
 0.45-0.50        78          74        0.47406         0.9227 
 0.40-0.45        85          71        0.42398         0.9469 
 0.35-0.40        94         125        0.37493         1.3294 
 0.30-0.35       131         148        0.32567         1.6936 
 0.25-0.30       119         206        0.27296         1.9728 
 0.20-0.25       115         292        0.22501         2.4706 
 0.15-0.20       122         411        0.17378         3.2354 
 0.10-0.15       144         641        0.12307         4.7651 
 0.05-0.10       107        1373        0.07046         8.9839 
 0.00-0.05        60       10876        0.01717        66.3834 


Data Role=VALIDATE Target Variable=RESPOND Target Label=RESPOND

 Posterior     Number                     Mean
Probability      of      Number of     Posterior
   Range       Events    Nonevents    Probability    Percentage

 0.95-1.00        72          28        0.97925         0.8093 
 0.90-0.95        45          17        0.92433         0.5018 
 0.85-0.90        46          13        0.87547         0.4775 
 0.80-0.85        54          32        0.82333         0.6960 
 0.75-0.80        47          28        0.77479         0.6070 
 0.70-0.75        59          23        0.72808         0.6636 
 0.65-0.70        66          26        0.67558         0.7446 
 0.60-0.65        51          43        0.62311         0.7608 
 0.55-0.60        51          42        0.57530         0.7527 
 0.50-0.55        62          39        0.52134         0.8174 
 0.45-0.50        76          52        0.47177         1.0359 
 0.40-0.45        66          81        0.42666         1.1897 
 0.35-0.40        79          73        0.37478         1.2302 
 0.30-0.35        83         102        0.32319         1.4972 
 0.25-0.30        77         132        0.27483         1.6915 
 0.20-0.25        81         188        0.22233         2.1771 
 0.15-0.20        94         292        0.17294         3.1240 
 0.10-0.15       118         447        0.12381         4.5727 
 0.05-0.10       108        1014        0.07132         9.0806 
 0.00-0.05        57        8292        0.01709        67.5704 
