*------------------------------------------------------------*
* Score Log
Date:                March 26, 2016
Time:                21:57:53
*------------------------------------------------------------*
11564  *------------------------------------------------------------*;
11565  * Ids: Computing metadata for DATA data;
11566  *------------------------------------------------------------*;

NOTE: View EMWS2.IDS_DATA.VIEW used (Total process time):
      real time           0.04 seconds
      cpu time            0.03 seconds
      
11567  data EMWS2.Ids_EMINFO;
11568  length TARGET KEY $32 DATA $43;
11569  TARGET="";
11570  KEY="IDSTABLE";
11571  DATA="ORGDATA.ORGANICS";
11572  output;
11573  TARGET="TargetBuy";
11574  KEY="DECDATA";
11575  DATA="EMWS2.Ids_TargetBuy_DD";
11576  output;
11577  TARGET="TargetBuy";
11578  KEY="DECMETA";
11579  DATA="EMWS2.Ids_TargetBuy_DM";
11580  output;
11581  run;

NOTE: The data set EMWS2.IDS_EMINFO has 3 observations and 3 variables.
NOTE: DATA statement used (Total process time):
      real time           0.00 seconds
      cpu time            0.01 seconds
      

NOTE: View EMWS2.IDS_DATA.VIEW used (Total process time):
      real time           0.02 seconds
      cpu time            0.01 seconds
      
11582  data EMWS2.Ids_CMeta_DATA;
11583  set EMWS2.Ids_VariableSet;
11584  drop DROP;
11585  where DROP='N';
11586  run;

NOTE: There were 13 observations read from the data set EMWS2.IDS_VARIABLESET.
      WHERE DROP='N';
NOTE: The data set EMWS2.IDS_CMETA_DATA has 13 observations and 20 variables.
NOTE: DATA statement used (Total process time):
      real time           0.00 seconds
      cpu time            0.00 seconds
      

