*------------------------------------------------------------*
* Report Log
Date:                April 21, 2016
Time:                06:07:25
*------------------------------------------------------------*
11420  *------------------------------------------------------------*;
11421  * Part: Computing statistics for class target variables;
11422  *------------------------------------------------------------*;
11423  *------------------------------------------------------------*;
11424  * Part: Computing statistics for interval target variables;
11425  *------------------------------------------------------------*;
11426  proc means data=EMWS1.Ids_DATA min max mean std noprint;
NOTE: Data file UNCODED.UNC_SYSTEM_SALARY2016_FULL_WITH.DATA is in a format that is native to another host, or the file encoding does not match the session encoding. Cross Environment Data Access will be used, which might require additional CPU resources 
      and might reduce performance.
11427  output out=WORK.Part_STATTEMP;
11428  var
11429  totalsal
11430  ;
11431  run;

NOTE: View EMWS1.IDS_DATA.VIEW used (Total process time):
      real time           0.06 seconds
      cpu time            0.06 seconds
      
NOTE: There were 12287 observations read from the data set UNCODED.UNC_SYSTEM_SALARY2016_FULL_WITH.
NOTE: There were 12287 observations read from the data set EMWS1.IDS_DATA.
NOTE: The data set WORK.PART_STATTEMP has 5 observations and 4 variables.
NOTE: PROCEDURE MEANS used (Total process time):
      real time           0.07 seconds
      cpu time            0.07 seconds
      

11432  proc sort data=WORK.Part_STATTEMP NOTHREADS;
11433  by _stat_;
11434  run;

NOTE: There were 5 observations read from the data set WORK.PART_STATTEMP.
NOTE: The data set WORK.PART_STATTEMP has 5 observations and 4 variables.
NOTE: PROCEDURE SORT used (Total process time):
      real time           0.00 seconds
      cpu time            0.00 seconds
      

11435  proc transpose data=WORK.Part_STATTEMP out=WORK.Part_BASICSTAT;
11436  id _stat_;
11437  copy _FREQ_;
11438  var
11439  totalsal
11440  ;
11441  run;

NOTE: There were 5 observations read from the data set WORK.PART_STATTEMP.
NOTE: The data set WORK.PART_BASICSTAT has 5 observations and 7 variables.
NOTE: PROCEDURE TRANSPOSE used (Total process time):
      real time           0.01 seconds
      cpu time            0.01 seconds
      

11442  data _statNamelbl;
11443  set WORK.M3CFC9ZD(keep=NAME LABEL rename=(NAME=_NAME_ LABEL=_LABEL_));
11444  run;

NOTE: There were 1 observations read from the data set WORK.M3CFC9ZD.
NOTE: The data set WORK._STATNAMELBL has 1 observations and 2 variables.
NOTE: DATA statement used (Total process time):
      real time           0.00 seconds
      cpu time            0.00 seconds
      

11445  proc sort data=_statNamelbl;
11446  by _NAME_;
11447  run;

NOTE: There were 1 observations read from the data set WORK._STATNAMELBL.
NOTE: The data set WORK._STATNAMELBL has 1 observations and 2 variables.
NOTE: PROCEDURE SORT used (Total process time):
      real time           0.00 seconds
      cpu time            0.00 seconds
      

11448  proc sort data=WORK.Part_BASICSTAT;
11449  by _NAME_;
11450  run;

NOTE: There were 5 observations read from the data set WORK.PART_BASICSTAT.
NOTE: The data set WORK.PART_BASICSTAT has 5 observations and 7 variables.
NOTE: PROCEDURE SORT used (Total process time):
      real time           0.00 seconds
      cpu time            0.00 seconds
      

11451  data WORK.Part_BASICSTAT;
11452  label _NAME_ = "%sysfunc(sasmsg(sashelp.dmine, rpt_variable_vlabel, NOQUOTE))" MAX = "%sysfunc(sasmsg(sashelp.dmine, rpt_maximum_vlabel, NOQUOTE))" MEAN = "%sysfunc(sasmsg(sashelp.dmine, rpt_mean_vlabel, NOQUOTE))" MIN =
11453     "%sysfunc(sasmsg(sashelp.dmine, rpt_minimum_vlabel, NOQUOTE))" N = "%sysfunc(sasmsg(sashelp.dmine, rpt_nonMiss_vlabel, NOQUOTE))" NMiss = "%sysfunc(sasmsg(sashelp.dmine, rpt_missing_vlabel, NOQUOTE))" STD =
11454     "%sysfunc(sasmsg(sashelp.dmine, rpt_std_vlabel, NOQUOTE))" _LABEL_= "%sysfunc(sasmsg(sashelp.dmine, rpt_label_vlabel, NOQUOTE))";
11455  merge _statnamelbl(in=_a) WORK.Part_BASICSTAT(in=_b);
11456  by _NAME_;
11457  where _NAME_ ne '';
11458  NMISS = _FREQ_ - N;
11459  drop _FREQ_;
11460  if _a and _b then output;
11461  run;

NOTE: There were 1 observations read from the data set WORK._STATNAMELBL.
      WHERE _NAME_ not = ' ';
NOTE: There were 1 observations read from the data set WORK.PART_BASICSTAT.
      WHERE _NAME_ not = ' ';
NOTE: The data set WORK.PART_BASICSTAT has 1 observations and 8 variables.
NOTE: DATA statement used (Total process time):
      real time           0.01 seconds
      cpu time            0.01 seconds
      

11462  data EMWS1.Part_INTRVL;
11463  label DATA = "%sysfunc(sasmsg(sashelp.dmine, rpt_data_vlabel ,   NOQUOTE))";
11464  length DATA $8;
11465  set WORK.Part_BASICSTAT;
11466  DATA = 'DATA';
11467  run;

NOTE: There were 1 observations read from the data set WORK.PART_BASICSTAT.
NOTE: The data set EMWS1.PART_INTRVL has 1 observations and 9 variables.
NOTE: DATA statement used (Total process time):
      real time           0.00 seconds
      cpu time            0.00 seconds
      

11468  *------------------------------------------------------------*;
11469  * Part: Computing statistics for class target variables;
11470  *------------------------------------------------------------*;
11471  *------------------------------------------------------------*;
11472  * Part: Computing statistics for interval target variables;
11473  *------------------------------------------------------------*;
11474  proc means data=EMWS1.Part_TRAIN min max mean std noprint;
11475  output out=WORK.Part_STATTEMP;
11476  var
11477  totalsal
11478  ;
11479  run;

NOTE: There were 4915 observations read from the data set EMWS1.PART_TRAIN.
NOTE: The data set WORK.PART_STATTEMP has 5 observations and 4 variables.
NOTE: PROCEDURE MEANS used (Total process time):
      real time           0.01 seconds
      cpu time            0.01 seconds
      

11480  proc sort data=WORK.Part_STATTEMP NOTHREADS;
11481  by _stat_;
11482  run;

NOTE: There were 5 observations read from the data set WORK.PART_STATTEMP.
NOTE: The data set WORK.PART_STATTEMP has 5 observations and 4 variables.
NOTE: PROCEDURE SORT used (Total process time):
      real time           0.01 seconds
      cpu time            0.01 seconds
      

11483  proc transpose data=WORK.Part_STATTEMP out=WORK.Part_BASICSTAT;
11484  id _stat_;
11485  copy _FREQ_;
11486  var
11487  totalsal
11488  ;
11489  run;

NOTE: There were 5 observations read from the data set WORK.PART_STATTEMP.
NOTE: The data set WORK.PART_BASICSTAT has 5 observations and 7 variables.
NOTE: PROCEDURE TRANSPOSE used (Total process time):
      real time           0.01 seconds
      cpu time            0.01 seconds
      

11490  data _statNamelbl;
11491  set WORK.M3CFC9ZD(keep=NAME LABEL rename=(NAME=_NAME_ LABEL=_LABEL_));
11492  run;

NOTE: There were 1 observations read from the data set WORK.M3CFC9ZD.
NOTE: The data set WORK._STATNAMELBL has 1 observations and 2 variables.
NOTE: DATA statement used (Total process time):
      real time           0.00 seconds
      cpu time            0.00 seconds
      

11493  proc sort data=_statNamelbl;
11494  by _NAME_;
11495  run;

NOTE: There were 1 observations read from the data set WORK._STATNAMELBL.
NOTE: The data set WORK._STATNAMELBL has 1 observations and 2 variables.
NOTE: PROCEDURE SORT used (Total process time):
      real time           0.01 seconds
      cpu time            0.01 seconds
      

11496  proc sort data=WORK.Part_BASICSTAT;
11497  by _NAME_;
11498  run;

NOTE: There were 5 observations read from the data set WORK.PART_BASICSTAT.
NOTE: The data set WORK.PART_BASICSTAT has 5 observations and 7 variables.
NOTE: PROCEDURE SORT used (Total process time):
      real time           0.00 seconds
      cpu time            0.00 seconds
      

11499  data WORK.Part_BASICSTAT;
11500  label _NAME_ = "%sysfunc(sasmsg(sashelp.dmine, rpt_variable_vlabel, NOQUOTE))" MAX = "%sysfunc(sasmsg(sashelp.dmine, rpt_maximum_vlabel, NOQUOTE))" MEAN = "%sysfunc(sasmsg(sashelp.dmine, rpt_mean_vlabel, NOQUOTE))" MIN =
11501     "%sysfunc(sasmsg(sashelp.dmine, rpt_minimum_vlabel, NOQUOTE))" N = "%sysfunc(sasmsg(sashelp.dmine, rpt_nonMiss_vlabel, NOQUOTE))" NMiss = "%sysfunc(sasmsg(sashelp.dmine, rpt_missing_vlabel, NOQUOTE))" STD =
11502     "%sysfunc(sasmsg(sashelp.dmine, rpt_std_vlabel, NOQUOTE))" _LABEL_= "%sysfunc(sasmsg(sashelp.dmine, rpt_label_vlabel, NOQUOTE))";
11503  merge _statnamelbl(in=_a) WORK.Part_BASICSTAT(in=_b);
11504  by _NAME_;
11505  where _NAME_ ne '';
11506  NMISS = _FREQ_ - N;
11507  drop _FREQ_;
11508  if _a and _b then output;
11509  run;

NOTE: There were 1 observations read from the data set WORK._STATNAMELBL.
      WHERE _NAME_ not = ' ';
NOTE: There were 1 observations read from the data set WORK.PART_BASICSTAT.
      WHERE _NAME_ not = ' ';
NOTE: The data set WORK.PART_BASICSTAT has 1 observations and 8 variables.
NOTE: DATA statement used (Total process time):
      real time           0.01 seconds
      cpu time            0.01 seconds
      

11510  data WORK.Part_BASICSTAT;
11511  label DATA = "%sysfunc(sasmsg(sashelp.dmine, rpt_data_vlabel ,   NOQUOTE))";
11512  length DATA $8;
11513  set WORK.Part_BASICSTAT;
11514  DATA = "TRAIN";
11515  run;

NOTE: There were 1 observations read from the data set WORK.PART_BASICSTAT.
NOTE: The data set WORK.PART_BASICSTAT has 1 observations and 9 variables.
NOTE: DATA statement used (Total process time):
      real time           0.01 seconds
      cpu time            0.01 seconds
      

11516  data EMWS1.Part_INTRVL;
11517  set EMWS1.Part_INTRVL WORK.Part_BASICSTAT;
11518  run;

NOTE: There were 1 observations read from the data set EMWS1.PART_INTRVL.
NOTE: There were 1 observations read from the data set WORK.PART_BASICSTAT.
NOTE: The data set EMWS1.PART_INTRVL has 2 observations and 9 variables.
NOTE: DATA statement used (Total process time):
      real time           0.01 seconds
      cpu time            0.01 seconds
      

11519  *------------------------------------------------------------*;
11520  * Part: Computing statistics for class target variables;
11521  *------------------------------------------------------------*;
11522  *------------------------------------------------------------*;
11523  * Part: Computing statistics for interval target variables;
11524  *------------------------------------------------------------*;
11525  proc means data=EMWS1.Part_VALIDATE min max mean std noprint;
11526  output out=WORK.Part_STATTEMP;
11527  var
11528  totalsal
11529  ;
11530  run;

NOTE: There were 3686 observations read from the data set EMWS1.PART_VALIDATE.
NOTE: The data set WORK.PART_STATTEMP has 5 observations and 4 variables.
NOTE: PROCEDURE MEANS used (Total process time):
      real time           0.00 seconds
      cpu time            0.00 seconds
      

11531  proc sort data=WORK.Part_STATTEMP NOTHREADS;
11532  by _stat_;
11533  run;

NOTE: There were 5 observations read from the data set WORK.PART_STATTEMP.
NOTE: The data set WORK.PART_STATTEMP has 5 observations and 4 variables.
NOTE: PROCEDURE SORT used (Total process time):
      real time           0.00 seconds
      cpu time            0.00 seconds
      

11534  proc transpose data=WORK.Part_STATTEMP out=WORK.Part_BASICSTAT;
11535  id _stat_;
11536  copy _FREQ_;
11537  var
11538  totalsal
11539  ;
11540  run;

NOTE: There were 5 observations read from the data set WORK.PART_STATTEMP.
NOTE: The data set WORK.PART_BASICSTAT has 5 observations and 7 variables.
NOTE: PROCEDURE TRANSPOSE used (Total process time):
      real time           0.00 seconds
      cpu time            0.00 seconds
      

11541  data _statNamelbl;
11542  set WORK.M3CFC9ZD(keep=NAME LABEL rename=(NAME=_NAME_ LABEL=_LABEL_));
11543  run;

NOTE: There were 1 observations read from the data set WORK.M3CFC9ZD.
NOTE: The data set WORK._STATNAMELBL has 1 observations and 2 variables.
NOTE: DATA statement used (Total process time):
      real time           0.00 seconds
      cpu time            0.00 seconds
      

11544  proc sort data=_statNamelbl;
11545  by _NAME_;
11546  run;

NOTE: There were 1 observations read from the data set WORK._STATNAMELBL.
NOTE: The data set WORK._STATNAMELBL has 1 observations and 2 variables.
NOTE: PROCEDURE SORT used (Total process time):
      real time           0.00 seconds
      cpu time            0.00 seconds
      

11547  proc sort data=WORK.Part_BASICSTAT;
11548  by _NAME_;
11549  run;

NOTE: There were 5 observations read from the data set WORK.PART_BASICSTAT.
NOTE: The data set WORK.PART_BASICSTAT has 5 observations and 7 variables.
NOTE: PROCEDURE SORT used (Total process time):
      real time           0.00 seconds
      cpu time            0.00 seconds
      

11550  data WORK.Part_BASICSTAT;
11551  label _NAME_ = "%sysfunc(sasmsg(sashelp.dmine, rpt_variable_vlabel, NOQUOTE))" MAX = "%sysfunc(sasmsg(sashelp.dmine, rpt_maximum_vlabel, NOQUOTE))" MEAN = "%sysfunc(sasmsg(sashelp.dmine, rpt_mean_vlabel, NOQUOTE))" MIN =
11552     "%sysfunc(sasmsg(sashelp.dmine, rpt_minimum_vlabel, NOQUOTE))" N = "%sysfunc(sasmsg(sashelp.dmine, rpt_nonMiss_vlabel, NOQUOTE))" NMiss = "%sysfunc(sasmsg(sashelp.dmine, rpt_missing_vlabel, NOQUOTE))" STD =
11553     "%sysfunc(sasmsg(sashelp.dmine, rpt_std_vlabel, NOQUOTE))" _LABEL_= "%sysfunc(sasmsg(sashelp.dmine, rpt_label_vlabel, NOQUOTE))";
11554  merge _statnamelbl(in=_a) WORK.Part_BASICSTAT(in=_b);
11555  by _NAME_;
11556  where _NAME_ ne '';
11557  NMISS = _FREQ_ - N;
11558  drop _FREQ_;
11559  if _a and _b then output;
11560  run;

NOTE: There were 1 observations read from the data set WORK._STATNAMELBL.
      WHERE _NAME_ not = ' ';
NOTE: There were 1 observations read from the data set WORK.PART_BASICSTAT.
      WHERE _NAME_ not = ' ';
NOTE: The data set WORK.PART_BASICSTAT has 1 observations and 8 variables.
NOTE: DATA statement used (Total process time):
      real time           0.01 seconds
      cpu time            0.01 seconds
      

11561  data WORK.Part_BASICSTAT;
11562  label DATA = "%sysfunc(sasmsg(sashelp.dmine, rpt_data_vlabel ,   NOQUOTE))";
11563  length DATA $8;
11564  set WORK.Part_BASICSTAT;
11565  DATA = "VALIDATE";
11566  run;

NOTE: There were 1 observations read from the data set WORK.PART_BASICSTAT.
NOTE: The data set WORK.PART_BASICSTAT has 1 observations and 9 variables.
NOTE: DATA statement used (Total process time):
      real time           0.01 seconds
      cpu time            0.01 seconds
      

11567  data EMWS1.Part_INTRVL;
11568  set EMWS1.Part_INTRVL WORK.Part_BASICSTAT;
11569  run;

NOTE: There were 2 observations read from the data set EMWS1.PART_INTRVL.
NOTE: There were 1 observations read from the data set WORK.PART_BASICSTAT.
NOTE: The data set EMWS1.PART_INTRVL has 3 observations and 9 variables.
NOTE: DATA statement used (Total process time):
      real time           0.00 seconds
      cpu time            0.00 seconds
      

11570  *------------------------------------------------------------*;
11571  * Part: Computing statistics for class target variables;
11572  *------------------------------------------------------------*;
11573  *------------------------------------------------------------*;
11574  * Part: Computing statistics for interval target variables;
11575  *------------------------------------------------------------*;
11576  proc means data=EMWS1.Part_TEST min max mean std noprint;
11577  output out=WORK.Part_STATTEMP;
11578  var
11579  totalsal
11580  ;
11581  run;

NOTE: There were 3686 observations read from the data set EMWS1.PART_TEST.
NOTE: The data set WORK.PART_STATTEMP has 5 observations and 4 variables.
NOTE: PROCEDURE MEANS used (Total process time):
      real time           0.01 seconds
      cpu time            0.01 seconds
      

11582  proc sort data=WORK.Part_STATTEMP NOTHREADS;
11583  by _stat_;
11584  run;

NOTE: There were 5 observations read from the data set WORK.PART_STATTEMP.
NOTE: The data set WORK.PART_STATTEMP has 5 observations and 4 variables.
NOTE: PROCEDURE SORT used (Total process time):
      real time           0.00 seconds
      cpu time            0.00 seconds
      

11585  proc transpose data=WORK.Part_STATTEMP out=WORK.Part_BASICSTAT;
11586  id _stat_;
11587  copy _FREQ_;
11588  var
11589  totalsal
11590  ;
11591  run;

NOTE: There were 5 observations read from the data set WORK.PART_STATTEMP.
NOTE: The data set WORK.PART_BASICSTAT has 5 observations and 7 variables.
NOTE: PROCEDURE TRANSPOSE used (Total process time):
      real time           0.01 seconds
      cpu time            0.01 seconds
      

11592  data _statNamelbl;
11593  set WORK.M3CFC9ZD(keep=NAME LABEL rename=(NAME=_NAME_ LABEL=_LABEL_));
11594  run;

NOTE: There were 1 observations read from the data set WORK.M3CFC9ZD.
NOTE: The data set WORK._STATNAMELBL has 1 observations and 2 variables.
NOTE: DATA statement used (Total process time):
      real time           0.01 seconds
      cpu time            0.01 seconds
      

11595  proc sort data=_statNamelbl;
11596  by _NAME_;
11597  run;

NOTE: There were 1 observations read from the data set WORK._STATNAMELBL.
NOTE: The data set WORK._STATNAMELBL has 1 observations and 2 variables.
NOTE: PROCEDURE SORT used (Total process time):
      real time           0.00 seconds
      cpu time            0.00 seconds
      

11598  proc sort data=WORK.Part_BASICSTAT;
11599  by _NAME_;
11600  run;

NOTE: There were 5 observations read from the data set WORK.PART_BASICSTAT.
NOTE: The data set WORK.PART_BASICSTAT has 5 observations and 7 variables.
NOTE: PROCEDURE SORT used (Total process time):
      real time           0.00 seconds
      cpu time            0.00 seconds
      

11601  data WORK.Part_BASICSTAT;
11602  label _NAME_ = "%sysfunc(sasmsg(sashelp.dmine, rpt_variable_vlabel, NOQUOTE))" MAX = "%sysfunc(sasmsg(sashelp.dmine, rpt_maximum_vlabel, NOQUOTE))" MEAN = "%sysfunc(sasmsg(sashelp.dmine, rpt_mean_vlabel, NOQUOTE))" MIN =
11603     "%sysfunc(sasmsg(sashelp.dmine, rpt_minimum_vlabel, NOQUOTE))" N = "%sysfunc(sasmsg(sashelp.dmine, rpt_nonMiss_vlabel, NOQUOTE))" NMiss = "%sysfunc(sasmsg(sashelp.dmine, rpt_missing_vlabel, NOQUOTE))" STD =
11604     "%sysfunc(sasmsg(sashelp.dmine, rpt_std_vlabel, NOQUOTE))" _LABEL_= "%sysfunc(sasmsg(sashelp.dmine, rpt_label_vlabel, NOQUOTE))";
11605  merge _statnamelbl(in=_a) WORK.Part_BASICSTAT(in=_b);
11606  by _NAME_;
11607  where _NAME_ ne '';
11608  NMISS = _FREQ_ - N;
11609  drop _FREQ_;
11610  if _a and _b then output;
11611  run;

NOTE: There were 1 observations read from the data set WORK._STATNAMELBL.
      WHERE _NAME_ not = ' ';
NOTE: There were 1 observations read from the data set WORK.PART_BASICSTAT.
      WHERE _NAME_ not = ' ';
NOTE: The data set WORK.PART_BASICSTAT has 1 observations and 8 variables.
NOTE: DATA statement used (Total process time):
      real time           0.01 seconds
      cpu time            0.01 seconds
      

11612  data WORK.Part_BASICSTAT;
11613  label DATA = "%sysfunc(sasmsg(sashelp.dmine, rpt_data_vlabel ,   NOQUOTE))";
11614  length DATA $8;
11615  set WORK.Part_BASICSTAT;
11616  DATA = "TEST";
11617  run;

NOTE: There were 1 observations read from the data set WORK.PART_BASICSTAT.
NOTE: The data set WORK.PART_BASICSTAT has 1 observations and 9 variables.
NOTE: DATA statement used (Total process time):
      real time           0.01 seconds
      cpu time            0.01 seconds
      

11618  data EMWS1.Part_INTRVL;
11619  set EMWS1.Part_INTRVL WORK.Part_BASICSTAT;
11620  run;

NOTE: There were 3 observations read from the data set EMWS1.PART_INTRVL.
NOTE: There were 1 observations read from the data set WORK.PART_BASICSTAT.
NOTE: The data set EMWS1.PART_INTRVL has 4 observations and 9 variables.
NOTE: DATA statement used (Total process time):
      real time           0.01 seconds
      cpu time            0.01 seconds
      

11621  data EMWS1.Part_INTRVL(rename=(_name_=VARIABLE));
11622  set EMWS1.Part_INTRVL;
11623  label _NAME_ = "%sysfunc(sasmsg(sashelp.dmine, rpt_variable_vlabel, NOQUOTE))" MIN = "%sysfunc(sasmsg(sashelp.dmine, rpt_minimum_vlabel,  NOQUOTE))" MAX = "%sysfunc(sasmsg(sashelp.dmine, rpt_maximum_vlabel,  NOQUOTE))" MEAN =
11624     "%sysfunc(sasmsg(sashelp.dmine, rpt_mean_vlabel,     NOQUOTE))" STD = "%sysfunc(sasmsg(sashelp.dmine, rpt_std_vlabel,      NOQUOTE))" N = "%sysfunc(sasmsg(sashelp.dmine, rpt_numObs_vlabel,   NOQUOTE))";
11625  run;

NOTE: There were 4 observations read from the data set EMWS1.PART_INTRVL.
NOTE: The data set EMWS1.PART_INTRVL has 4 observations and 9 variables.
NOTE: DATA statement used (Total process time):
      real time           0.01 seconds
      cpu time            0.01 seconds
      

11626  proc sort data=EMWS1.Part_INTRVL NOTHREADS;
11627  by DATA;
11628  run;

NOTE: There were 4 observations read from the data set EMWS1.PART_INTRVL.
NOTE: The data set EMWS1.PART_INTRVL has 4 observations and 9 variables.
NOTE: PROCEDURE SORT used (Total process time):
      real time           0.01 seconds
      cpu time            0.01 seconds
      

11629  %let _cn = %sysfunc(getoption(CENTER));
11630  %let _nb = %sysfunc(getoption(NUMBER));
11631  options nonumber nocenter;
11632  proc print data=EMWS1.Part_INTRVL noobs label;
11633  by DATA;
11634  title9 ' ';
11635  title10 "%sysfunc(sasmsg(sashelp.dmine,  rpt_intervalTargetStats_title, NOQUOTE))";
11636  run;

NOTE: There were 4 observations read from the data set EMWS1.PART_INTRVL.
NOTE: The PROCEDURE PRINT printed page 3.
NOTE: PROCEDURE PRINT used (Total process time):
      real time           0.00 seconds
      cpu time            0.00 seconds
      

11637  title10;
11638  options &_cn &_nb;

