 
                                                                                                                                                                                                                                                                
 
 
Fit Statistics

Target=totalsal Target Label=' '

   Fit
Statistics    Statistics Label                      Train       Validation             Test

 _AIC_        Akaike's Information Criterion    -57721.52              .                .  
 _ASE_        Average Squared Error                  0.00       3324161.37       3017804.99
 _AVERR_      Average Error Function                 0.00       3324161.37       3017804.99
 _DFE_        Degrees of Freedom for Error        6260.00              .                .  
 _DFM_        Model Degrees of Freedom             356.00              .                .  
 _DFT_        Total Degrees of Freedom            6616.00              .                .  
 _DIV_        Divisor for ASE                     6616.00          2835.00          2836.00
 _ERR_        Error Function                         0.97    9423997473.70    8558494952.66
 _FPE_        Final Prediction Error                 0.00              .                .  
 _MAX_        Maximum Absolute Error                 0.97         68997.32         46457.32
 _MSE_        Mean Square Error                      0.00       3324161.37       3017804.99
 _NOBS_       Sum of Frequencies                  6616.00          2835.00          2836.00
 _NW_         Number of Estimate Weights           356.00              .                .  
 _RASE_       Root Average Sum of Squares            0.01          1823.23          1737.18
 _RFPE_       Root Final Prediction Error            0.01              .                .  
 _RMSE_       Root Mean Squared Error                0.01          1823.23          1737.18
 _SBC_        Schwarz's Bayesian Criterion      -55301.70              .                .  
 _SSE_        Sum of Squared Errors                  0.97    9423997473.70    8558494952.66
 _SUMW_       Sum of Case Weights Times Freq      6616.00          2835.00          2836.00
 
                                                                                                                                                                                                                                                                
 
 
Assessment Score Rankings

Data Role=TRAIN Target Variable=totalsal Target Label=' '

           Number of        Mean         Mean
Depth    Observations      Target     Predicted

   5          331        290058.82    290058.82
  10          331        181847.98    181847.98
  15          331        144104.82    144104.82
  20          331        117337.89    117337.90
  25          330         99199.01     99199.01
  30          331         88579.38     88579.38
  35          331         80266.01     80266.01
  40          331         73575.54     73575.54
  45          331         67338.20     67338.20
  50          330         61965.68     61965.68
  55          331         57255.49     57255.49
  60          331         52651.55     52651.55
  65          331         49290.11     49290.11
  70          331         46010.22     46010.22
  75          330         43476.59     43476.59
  80          331         40858.28     40858.28
  85          331         37829.31     37829.30
  90          331         34864.86     34864.86
  95          331         30493.41     30493.41
 100          330         22651.05     22651.05


Data Role=VALIDATE Target Variable=totalsal Target Label=' '

           Number of        Mean         Mean
Depth    Observations      Target     Predicted

   5          142        287766.96    287766.96
  10          142        182373.75    182373.75
  15          142        140376.41    140376.41
  20          141        115028.52    115028.52
  25          142         98199.34     98199.34
  30          142         88119.65     88119.65
  35          142         79048.19     79734.06
  40          141         72821.86     72821.86
  45          142         66790.82     66790.82
  50          142         61579.94     61579.94
  55          142         56724.25     56724.25
  60          141         52312.60     52312.60
  65          142         49128.82     49128.82
  70          142         45975.73     45975.73
  75          142         43202.83     43202.83
  80          141         40971.76     40971.76
  85          142         38544.41     38544.41
  90          142         35193.96     35193.96
  95          142         30379.87     30379.87
 100          141         21334.22     21334.22
 
                                                                                                                                                                                                                                                                
 
 
Assessment Score Distribution

Data Role=TRAIN Target Variable=totalsal Target Label=' '

                               Mean         Mean        Number of       Model
  Range for Predicted         Target     Predicted    Observations      Score

778265.551 -  819069.001    819069.00    819069.00           1        798667.28
615051.751 -  655855.201    627424.00    627424.00           3        635453.48
574248.301 -  615051.751    605456.00    605456.00           4        594650.03
533444.851 -  574248.301    546349.33    546349.33           3        553846.58
492641.401 -  533444.851    519086.33    519086.33           3        513043.13
451837.951 -  492641.401    479794.00    479794.00           1        472239.68
411034.501 -  451837.951    431993.86    431993.86           7        431436.23
370231.051 -  411034.501    388746.47    388746.47          19        390632.78
329427.601 -  370231.051    345859.96    345859.96          28        349829.33
288624.150 -  329427.601    306208.71    306208.71          56        309025.88
247820.700 -  288624.150    264410.23    264410.23          78        268222.43
207017.250 -  247820.700    226745.99    226745.99         147        227418.98
166213.800 -  207017.250    184724.81    184724.81         247        186615.53
125410.350 -  166213.800    145005.63    145005.63         445        145812.08
84606.900 -  125410.350     100786.05    100786.05         919        105008.63
43803.450 -  84606.900       60381.37     60381.37        2815         64205.18
3000.000 -  43803.450        34310.31     34310.31        1840         23401.73


Data Role=VALIDATE Target Variable=totalsal Target Label=' '

                               Mean         Mean        Number of       Model
  Range for Predicted         Target     Predicted    Observations      Score

590804.250 -  621715.000    620877.50    620877.50           2        606259.62
528982.750 -  559893.500    547398.00    547398.00           1        544438.12
498072.000 -  528982.750    498593.00    498593.00           1        513527.37
467161.250 -  498072.000    469631.00    469631.00           1        482616.62
436250.500 -  467161.250    452014.00    452014.00           1        451705.87
405339.750 -  436250.500    425924.00    425924.00           2        420795.12
374429.000 -  405339.750    385831.88    385831.87           8        389884.37
343518.250 -  374429.000    360141.33    360141.33           6        358973.62
312607.500 -  343518.250    330456.25    330456.25          16        328062.87
281696.750 -  312607.500    294235.78    294235.78          18        297152.12
250786.000 -  281696.750    265078.93    265078.93          29        266241.37
219875.250 -  250786.000    234284.15    234284.15          53        235330.62
188964.500 -  219875.250    200370.49    200370.49          55        204419.87
158053.750 -  188964.500    173534.63    173534.62          88        173509.12
127143.000 -  158053.750    141124.05    141124.05         141        142598.37
96232.250 -  127143.000     109615.29    109615.29         234        111687.62
65321.500 -  96232.250       79205.43     79373.64         579         80776.87
34410.750 -  65321.500       48063.65     48063.65        1276         49866.12
3500.000 -  34410.750        26870.14     26870.14         324         18955.37
