*------------------------------------------------------------*
* Score Log
Date:                April 21, 2016
Time:                05:42:31
*------------------------------------------------------------*
11176  filename emflow "C:\Users\Intern Three\Documents\Thi Duong\SPRING 16\BUS 458H\HW\458 FINAL PROJECT\UNC SALARY SYSTEM\Workspaces\EMWS1\Reg\EMFLOWSCORE.sas";
11177  *------------------------------------------------------------*;
11178  * Reg: Scoring DATA data;
11179  *------------------------------------------------------------*;
11180  data EMWS1.Reg_TRAIN
11181  / view=EMWS1.Reg_TRAIN
11182  ;
11183  set EMWS1.Part_TRAIN
11184  ;
11185  %inc emflow;
14482  run;

NOTE: DATA STEP view saved on file EMWS1.REG_TRAIN.
NOTE: A stored DATA STEP view cannot run under a different operating system.
NOTE: DATA statement used (Total process time):
      real time           0.03 seconds
      cpu time            0.03 seconds
      

14483  quit;
14484  filename emflow;
NOTE: Fileref EMFLOW has been deassigned.

14485  filename emflow "C:\Users\Intern Three\Documents\Thi Duong\SPRING 16\BUS 458H\HW\458 FINAL PROJECT\UNC SALARY SYSTEM\Workspaces\EMWS1\Reg\EMFLOWSCORE.sas";
14486  *------------------------------------------------------------*;
14487  * Reg: Scoring VALIDATE data;
14488  *------------------------------------------------------------*;
14489  data EMWS1.Reg_VALIDATE
14490  / view=EMWS1.Reg_VALIDATE
14491  ;
14492  set EMWS1.Part_VALIDATE
14493  ;
14494  %inc emflow;
17791  run;

NOTE: DATA STEP view saved on file EMWS1.REG_VALIDATE.
NOTE: A stored DATA STEP view cannot run under a different operating system.
NOTE: DATA statement used (Total process time):
      real time           0.04 seconds
      cpu time            0.04 seconds
      

17792  quit;
17793  filename emflow;
NOTE: Fileref EMFLOW has been deassigned.

17794  filename emflow "C:\Users\Intern Three\Documents\Thi Duong\SPRING 16\BUS 458H\HW\458 FINAL PROJECT\UNC SALARY SYSTEM\Workspaces\EMWS1\Reg\EMFLOWSCORE.sas";
17795  *------------------------------------------------------------*;
17796  * Reg: Scoring TEST data;
17797  *------------------------------------------------------------*;
17798  data EMWS1.Reg_TEST
17799  / view=EMWS1.Reg_TEST
17800  ;
17801  set EMWS1.Part_TEST
17802  ;
17803  %inc emflow;
21100  run;

NOTE: DATA STEP view saved on file EMWS1.REG_TEST.
NOTE: A stored DATA STEP view cannot run under a different operating system.
NOTE: DATA statement used (Total process time):
      real time           0.04 seconds
      cpu time            0.04 seconds
      

21101  quit;
21102  filename emflow;
NOTE: Fileref EMFLOW has been deassigned.

21103  *------------------------------------------------------------*;
21104  * Reg: Computing metadata for TRAIN data;
21105  *------------------------------------------------------------*;

NOTE: View EMWS1.REG_TRAIN.VIEW used (Total process time):
      real time           0.02 seconds
      cpu time            0.01 seconds
      
21453  data WORK.MODELTEMP_INFO;
21454  set EMWS1.Reg_EMINFO;
21455  where DATA='Reg' and KEY ^in('DECDATA', 'DECMETA', 'IMPORTANCE', 'MODEL');
21456  run;

NOTE: There were 0 observations read from the data set EMWS1.REG_EMINFO.
      WHERE (DATA='Reg') and KEY not in ('DECDATA', 'DECMETA', 'IMPORTANCE', 'MODEL');
NOTE: The data set WORK.MODELTEMP_INFO has 0 observations and 3 variables.
NOTE: DATA statement used (Total process time):
      real time           0.00 seconds
      cpu time            0.01 seconds
      

21457  data EMWS1.Reg_EMINFO;
21458  length TARGET KEY $32 DATA $43;
21459  input TARGET KEY DATA $;
21460  cards;

NOTE: The data set EMWS1.REG_EMINFO has 3 observations and 3 variables.
NOTE: DATA statement used (Total process time):
      real time           0.00 seconds
      cpu time            0.01 seconds
      

21464  run;
21465  data EMWS1.Reg_EMINFO;
21466  set EMWS1.Reg_EMINFO WORK.MODELTEMP_INFO;
21467  run;

NOTE: There were 3 observations read from the data set EMWS1.REG_EMINFO.
NOTE: There were 0 observations read from the data set WORK.MODELTEMP_INFO.
NOTE: The data set EMWS1.REG_EMINFO has 3 observations and 3 variables.
NOTE: DATA statement used (Total process time):
      real time           0.00 seconds
      cpu time            0.01 seconds
      

21468  proc sort data = EMWS1.Reg_EMINFO NOTHREADS;
21469  by TARGET KEY;
21470  run;

NOTE: There were 3 observations read from the data set EMWS1.REG_EMINFO.
NOTE: The data set EMWS1.REG_EMINFO has 3 observations and 3 variables.
NOTE: PROCEDURE SORT used (Total process time):
      real time           0.00 seconds
      cpu time            0.00 seconds
      

21471  proc sort data = EMWS1.Ids_EMINFO OUT=WORK.SORTEDEMINFO NOTHREADS;
21472  by TARGET KEY;
21473  run;

NOTE: There were 3 observations read from the data set EMWS1.IDS_EMINFO.
NOTE: The data set WORK.SORTEDEMINFO has 3 observations and 3 variables.
NOTE: PROCEDURE SORT used (Total process time):
      real time           0.00 seconds
      cpu time            0.00 seconds
      

21474  proc sort data = EMWS1.Reg_EMINFO OUT=WORK.TEMP_INFO NOTHREADS;
21475  by TARGET KEY;
21476  run;

NOTE: Input data set is already sorted; it has been copied to the output data set.
NOTE: There were 3 observations read from the data set EMWS1.REG_EMINFO.
NOTE: The data set WORK.TEMP_INFO has 3 observations and 3 variables.
NOTE: PROCEDURE SORT used (Total process time):
      real time           0.00 seconds
      cpu time            0.00 seconds
      

21477  data EMWS1.Reg_EMINFO;
21478  merge WORK.SORTEDEMINFO WORK.TEMP_INFO;
21479  by TARGET KEY;
21480  run;

NOTE: There were 3 observations read from the data set WORK.SORTEDEMINFO.
NOTE: There were 3 observations read from the data set WORK.TEMP_INFO.
NOTE: The data set EMWS1.REG_EMINFO has 4 observations and 3 variables.
NOTE: DATA statement used (Total process time):
      real time           0.00 seconds
      cpu time            0.00 seconds
      

21481  proc datasets lib=work nolist;
21482  delete TEMP_INFO SORTEDEMINFO;
21483  run;

NOTE: Deleting WORK.TEMP_INFO (memtype=DATA).
NOTE: Deleting WORK.SORTEDEMINFO (memtype=DATA).
21484  quit;

NOTE: PROCEDURE DATASETS used (Total process time):
      real time           0.00 seconds
      cpu time            0.00 seconds
      

NOTE: View EMWS1.REG_TRAIN.VIEW used (Total process time):
      real time           0.02 seconds
      cpu time            0.01 seconds
      
NOTE: View EMWS1.REG_VALIDATE.VIEW used (Total process time):
      real time           0.02 seconds
      cpu time            0.03 seconds
      
NOTE: View EMWS1.REG_TEST.VIEW used (Total process time):
      real time           0.02 seconds
      cpu time            0.01 seconds
      
