 
                                                                                                                                                                                                                                                                
 
 
Variable Summary

          Measurement    Frequency
 Role        Level         Count

TARGET      NOMINAL          1    
 
                                                                                               
 
 







Fit Statistics
Model Selection based on Valid: Misclassification Rate (_VMISC_)

                                                           Train:                        Valid:
                                            Valid:        Average         Train:        Average
Selected                   Model      Misclassification   Squared   Misclassification   Squared
 Model     Model Node   Description          Rate          Error           Rate          Error

   Y       Reg          Regression         0.09145        0.06197        0.08838        0.06435
           AutoNeural   AutoNeural         0.11266        0.10909        0.11266        0.10915
 
                                                                                               
 
 







Fit Statistics Table
Target: RESPOND

Data Role=Train

                                                                                  Auto
Statistics                                                             Reg      Neural

Train: Bin-Based Two-Way Kolmogorov-Smirnov Probability Cutoff        0.12        0.02
Train: Kolmogorov-Smirnov Statistic                                   0.75        0.07
Train: Akaike's Information Criterion                              6868.81    16151.73
Train: Average Squared Error                                          0.06        0.11
Train: Roc Index                                                      0.94        0.59
Train: Average Error Function                                         0.21        0.48
Train: Cumulative Percent Captured Response                          55.28       13.85
Train: Percent Captured Response                                     23.92        6.79
Selection Criterion: Valid: Misclassification Rate                    0.09        0.11
Train: Degrees of Freedom for Error                               16422.00    16253.00
Train: Model Degrees of Freedom                                      52.00      221.00
Train: Total Degrees of Freedom                                   16474.00    16474.00
Train: Divisor for ASE                                            32948.00    32948.00
Train: Error Function                                              6764.81    15709.73
Train: Final Prediction Error                                         0.06        0.11
Train: Gain                                                         452.60       38.42
Train: Gini Coefficient                                               0.87        0.17
Train: Bin-Based Two-Way Kolmogorov-Smirnov Statistic                 0.75        0.14
Train: Kolmogorov-Smirnov Probability Cutoff                          0.08        0.02
Train: Cumulative Lift                                                5.53        1.38
Train: Lift                                                           4.78        1.36
Train: Maximum Absolute Error                                         1.00        1.00
Train: Misclassification Rate                                         0.09        0.11
Train: Mean Square Error                                              0.06        0.11
Train: Sum of Frequencies                                         16474.00    16474.00
Train: Number of Estimate Weights                                    52.00      221.00
Train: Root Average Sum of Squares                                    0.25        0.33
Train: Cumulative Percent Response                                   62.26       15.59
Train: Percent Response                                              53.88       15.29
Train: Root Final Prediction Error                                    0.25        0.33
Train: Root Mean Squared Error                                        0.25        0.33
Train: Schwarz's Bayesian Criterion                                7269.71    17855.54
Train: Sum of Squared Errors                                       2041.77     3594.18
Train: Sum of Case Weights Times Freq                             32948.00    32948.00
Train: Number of Wrong Classifications                                 .       1856.00


Data Role=Valid

                                                                                  Auto
Statistics                                                             Reg      Neural

Valid: Kolmogorov-Smirnov Statistic                                   0.73        0.05
Valid: Average Squared Error                                          0.06        0.11
Valid: Roc Index                                                      0.93        0.56
Valid: Average Error Function                                         0.21        0.48
Valid: Bin-Based Two-Way Kolmogorov-Smirnov Probability Cutoff        0.11        0.02
Valid: Cumulative Percent Captured Response                          54.09       12.79
Valid: Percent Captured Response                                     23.92        5.89
Valid: Divisor for VASE                                           24712.00    24712.00
Valid: Error Function                                              5268.55    11855.70
Valid: Gain                                                         440.77       27.83
Valid: Gini Coefficient                                               0.86        0.12
Valid: Bin-Based Two-Way Kolmogorov-Smirnov Statistic                 0.73        0.10
Valid: Kolmogorov-Smirnov Probability Cutoff                          0.07        0.02
Valid: Cumulative Lift                                                5.41        1.28
Valid: Lift                                                           4.78        1.18
Valid: Maximum Absolute Error                                         1.00        1.00
Valid: Misclassification Rate                                         0.09        0.11
Valid: Mean Square Error                                              0.06        0.11
Valid: Sum of Frequencies                                         12356.00    12356.00
Valid: Root Average Squared Error                                     0.25        0.33
Valid: Cumulative Percent Response                                   60.92       14.40
Valid: Percent Response                                              53.88       13.27
Valid: Root Mean Square Error                                         0.25        0.33
Valid: Sum of Square Errors                                        1590.26     2697.20
Valid: Sum of Case Weights Times Freq                             24712.00    24712.00
Valid: Number of Wrong Classifications                                 .       1392.00


Data Role=Test

                                                                                  Auto
Statistics                                                             Reg      Neural

Test:  Kolmogorov-Smirnov Statistic                                   0.74        0.05
Test: Average Squared Error                                           0.06        0.11
Test:  Roc Index                                                      0.94        0.55
Test: Average Error Function                                          0.21        0.48
Test:  Bin-Based Two-Way Kolmogorov-Smirnov Probability Cutoff        0.08        0.02
Test: Cumulative Percent Captured Response                           55.17       12.86
Test: Percent Captured Response                                      24.14        6.54
Test: Divisor for TASE                                            24716.00    24716.00
Test: Error Function                                               5180.39    11856.85
Test: Gain                                                          451.63       28.57
Test:  Gini Coefficient                                               0.87        0.11
Test:  Bin-Based Two-Way Kolmogorov-Smirnov Statistic                 0.74        0.09
Test:  Kolmogorov-Smirnov Probability Cutoff                          0.08        0.01
Test: Cumulative Lift                                                 5.52        1.29
Test: Lift                                                            4.83        1.31
Test: Maximum Absolute Error                                          1.00        1.00
Test: Misclassification Rate                                          0.09        0.11
Test: Lower 95% Conf. Limit for TMISC                                 0.08         .  
Test: Upper 95% Conf. Limit for TMISC                                 0.09         .  
Test: Mean Square Error                                               0.06        0.11
Test: Sum of Frequencies                                          12358.00    12358.00
Test: Root Average Squared Error                                      0.25        0.33
Test: Cumulative Percent Response                                    62.14       14.48
Test: Percent Response                                               54.37       14.72
Test: Root Mean Square Error                                          0.25        0.33
Test: Sum of Square Errors                                         1556.50     2697.06
Test: Sum of Case Weights Times Freq                              24716.00    24716.00
Test: Number of Wrong Classifications                                  .       1392.00
 
                                                                                               
 
 







Event Classification Table
Model Selection based on Valid: Misclassification Rate (_VMISC_)

               Model     Data               Target     False     True      False     True
Model Node  Description  Role      Target    Label   Negative  Negative  Positive  Positive

Reg         Regression   TRAIN     RESPOND  RESPOND    1055      14217      401       801  
Reg         Regression   VALIDATE  RESPOND  RESPOND     839      10673      291       553  
AutoNeural  AutoNeural   TRAIN     RESPOND  RESPOND    1856      14618        0         0  
AutoNeural  AutoNeural   VALIDATE  RESPOND  RESPOND    1392      10964        0         0  
